<?xml version="1.0" encoding="UTF-8"?>
<testsuite xmlns:xsi="http://www.w3.org/2001/XMLSchema-instance" xsi:noNamespaceSchemaLocation="https://maven.apache.org/surefire/maven-surefire-plugin/xsd/surefire-test-report.xsd" version="3.0.2" name="com.example.gestionenvios.repository.EnviosRepositoryTest" time="1.552" tests="2" errors="0" skipped="0" failures="0">
  <properties>
[...]
</properties>
  <testcase name="testNoEncontrarEnvioPorId" classname="com.example.gestionenvios.repository.EnviosRepositoryTest" time="0.082">
    <system-out><![CDATA[2025-05-11T16:29:43.099-04:00 DEBUG 13072 --- [gestionenvios] [           main] b.t.a.o.j.DataJpaTestContextBootstrapper : Neither @ContextConfiguration nor @ContextHierarchy found for test class [EnviosRepositoryTest]: using SpringBootContextLoader
2025-05-11T16:29:43.100-04:00 DEBUG 13072 --- [gestionenvios] [           main] o.s.t.c.support.AbstractContextLoader    : Could not detect default resource locations for test class [com.example.gestionenvios.repository.EnviosRepositoryTest]: no resource found for suffixes {-context.xml, Context.groovy}.
2025-05-11T16:29:43.100-04:00  INFO 13072 --- [gestionenvios] [           main] t.c.s.AnnotationConfigContextLoaderUtils : Could not detect default configuration classes for test class [com.example.gestionenvios.repository.EnviosRepositoryTest]: EnviosRepositoryTest does not declare any static, non-private, non-final, nested classes annotated with @Configuration.
2025-05-11T16:29:43.101-04:00 DEBUG 13072 --- [gestionenvios] [           main] b.t.a.o.j.DataJpaTestContextBootstrapper : Using ContextCustomizerFactory implementations for test class [EnviosRepositoryTest]: [ImportsContextCustomizerFactory, ExcludeFilterContextCustomizerFactory, HttpGraphQlTesterContextCustomizerFactory, DuplicateJsonObjectContextCustomizerFactory, MockitoContextCustomizerFactory, TestRestTemplateContextCustomizerFactory, WebTestClientContextCustomizerFactory, DisableReactorResourceFactoryGlobalResourcesContextCustomizerFactory, OnFailureConditionReportContextCustomizerFactory, OverrideAutoConfigurationContextCustomizerFactory, ObservabilityContextCustomizerFactory, TypeExcludeFiltersContextCustomizerFactory, PropertyMappingContextCustomizerFactory, WebDriverContextCustomizerFactory, BeanOverrideContextCustomizerFactory, MockServerContainerContextCustomizerFactory, DynamicPropertiesContextCustomizerFactory]
2025-05-11T16:29:43.119-04:00 DEBUG 13072 --- [gestionenvios] [           main] b.t.a.o.j.DataJpaTestContextBootstrapper : Using ContextCustomizers for test class [EnviosRepositoryTest]: [ImportsContextCustomizer, ExcludeFilterContextCustomizer, DuplicateJsonObjectContextCustomizer, MockitoContextCustomizer, DisableReactorResourceFactoryGlobalResourcesContextCustomizerCustomizer, OnFailureConditionReportContextCustomizer, DisableAutoConfigurationContextCustomizer, DisableObservabilityContextCustomizer, TypeExcludeFiltersContextCustomizer, PropertyMappingContextCustomizer, WebDriverContextCustomizer, DynamicPropertiesContextCustomizer]
2025-05-11T16:29:43.124-04:00 DEBUG 13072 --- [gestionenvios] [           main] ssPathScanningCandidateComponentProvider : Identified candidate component class: file [/Users/krhisnaoyanedelyanez/Desktop/EFT_GESTIONENVIOS/target/classes/com/example/gestionenvios/GestionenviosApplication.class]
2025-05-11T16:29:43.124-04:00  INFO 13072 --- [gestionenvios] [           main] .b.t.c.SpringBootTestContextBootstrapper : Found @SpringBootConfiguration com.example.gestionenvios.GestionenviosApplication for test class com.example.gestionenvios.repository.EnviosRepositoryTest
2025-05-11T16:29:43.125-04:00 DEBUG 13072 --- [gestionenvios] [           main] .s.t.c.u.TestContextSpringFactoriesUtils : Skipping candidate TestExecutionListener [org.springframework.test.context.observation.MicrometerObservationRegistryTestExecutionListener] due to a missing dependency. Specify custom TestExecutionListener classes or make the default TestExecutionListener classes and their required dependencies available. Offending class: io.micrometer.context.ThreadLocalAccessor. MicrometerObservationRegistryTestExecutionListener requires io.micrometer:micrometer-observation:1.10.8 or higher and io.micrometer:context-propagation:1.0.3 or higher.
2025-05-11T16:29:43.126-04:00 DEBUG 13072 --- [gestionenvios] [           main] b.t.a.o.j.DataJpaTestContextBootstrapper : Using TestExecutionListeners for test class [EnviosRepositoryTest]: [ServletTestExecutionListener, DirtiesContextBeforeModesTestExecutionListener, ApplicationEventsTestExecutionListener, MockitoTestExecutionListener, BeanOverrideTestExecutionListener, DependencyInjectionTestExecutionListener, DirtiesContextTestExecutionListener, CommonCachesTestExecutionListener, TransactionalTestExecutionListener, SqlScriptsTestExecutionListener, EventPublishingTestExecutionListener, ResetMocksTestExecutionListener, RestDocsTestExecutionListener, MockRestServiceServerResetTestExecutionListener, MockMvcPrintOnlyOnFailureTestExecutionListener, WebDriverTestExecutionListener, MockWebServiceServerTestExecutionListener, MockitoResetTestExecutionListener]
2025-05-11T16:29:43.126-04:00 DEBUG 13072 --- [gestionenvios] [           main] sContextBeforeModesTestExecutionListener : Before test class: class [EnviosRepositoryTest], class annotated with @DirtiesContext [false] with mode [null]
2025-05-11T16:29:43.126-04:00 DEBUG 13072 --- [gestionenvios] [           main] DependencyInjectionTestExecutionListener : Performing dependency injection for test class com.example.gestionenvios.repository.EnviosRepositoryTest
2025-05-11T16:29:43.129-04:00  INFO 13072 --- [gestionenvios] [           main] o.s.b.d.r.RestartApplicationListener     : Restart disabled due to context in which it is running
2025-05-11T16:29:43.144-04:00 DEBUG 13072 --- [gestionenvios] [           main] o.s.boot.ApplicationEnvironment          : Activating profiles []
2025-05-11T16:29:43.146-04:00 DEBUG 13072 --- [gestionenvios] [           main] o.s.c.e.PropertySourcesPropertyResolver  : Found key 'spring.application.name' in PropertySource 'configurationProperties' with value of type String

  .   ____          _            __ _ _
 /\\ / ___'_ __ _ _(_)_ __  __ _ \ \ \ \
( ( )\___ | '_ | '_| | '_ \/ _` | \ \ \ \
 \\/  ___)| |_)| | | | | || (_| |  ) ) ) )
  '  |____| .__|_| |_|_| |_\__, | / / / /
 =========|_|==============|___/=/_/_/_/

 :: Spring Boot ::                (v3.4.4)

2025-05-11T16:29:43.154-04:00  INFO 13072 --- [gestionenvios] [           main] c.e.g.repository.EnviosRepositoryTest    : Starting EnviosRepositoryTest using Java 17.0.15 with PID 13072 (started by krhisnaoyanedelyanez in /Users/krhisnaoyanedelyanez/Desktop/EFT_GESTIONENVIOS)
2025-05-11T16:29:43.154-04:00  INFO 13072 --- [gestionenvios] [           main] c.e.g.repository.EnviosRepositoryTest    : No active profile set, falling back to 1 default profile: "default"
2025-05-11T16:29:43.154-04:00 DEBUG 13072 --- [gestionenvios] [           main] o.s.boot.SpringApplication               : Loading source class com.example.gestionenvios.GestionenviosApplication
2025-05-11T16:29:43.156-04:00 DEBUG 13072 --- [gestionenvios] [           main] s.c.a.AnnotationConfigApplicationContext : Refreshing org.springframework.context.annotation.AnnotationConfigApplicationContext@776e4088
2025-05-11T16:29:43.156-04:00 DEBUG 13072 --- [gestionenvios] [           main] o.s.b.f.s.DefaultListableBeanFactory     : Creating shared instance of singleton bean 'org.springframework.context.annotation.internalConfigurationAnnotationProcessor'
2025-05-11T16:29:43.156-04:00 DEBUG 13072 --- [gestionenvios] [           main] o.s.b.f.s.DefaultListableBeanFactory     : Creating shared instance of singleton bean 'org.springframework.boot.autoconfigure.internalCachingMetadataReaderFactory'
2025-05-11T16:29:43.234-04:00  INFO 13072 --- [gestionenvios] [           main] .s.d.r.c.RepositoryConfigurationDelegate : Bootstrapping Spring Data JPA repositories in DEFAULT mode.
2025-05-11T16:29:43.235-04:00 DEBUG 13072 --- [gestionenvios] [           main] o.s.b.f.s.DefaultListableBeanFactory     : Creating shared instance of singleton bean 'org.springframework.boot.autoconfigure.AutoConfigurationPackages'
2025-05-11T16:29:43.236-04:00 DEBUG 13072 --- [gestionenvios] [           main] o.s.b.a.AutoConfigurationPackages        : @EnableAutoConfiguration was declared on a class in the package 'com.example.gestionenvios'. Automatic @Repository and @Entity scanning is enabled.
2025-05-11T16:29:43.236-04:00 DEBUG 13072 --- [gestionenvios] [           main] .s.d.r.c.RepositoryConfigurationDelegate : Scanning for JPA repositories in packages com.example.gestionenvios.
2025-05-11T16:29:43.238-04:00 DEBUG 13072 --- [gestionenvios] [           main] o.s.d.r.c.RepositoryComponentProvider    : Identified candidate component class: file [/Users/krhisnaoyanedelyanez/Desktop/EFT_GESTIONENVIOS/target/classes/com/example/gestionenvios/repository/EnviosRepository.class]
2025-05-11T16:29:43.240-04:00 DEBUG 13072 --- [gestionenvios] [           main] ssPathScanningCandidateComponentProvider : Identified candidate component class: file [/Users/krhisnaoyanedelyanez/Desktop/EFT_GESTIONENVIOS/target/classes/com/example/gestionenvios/service/EnviosServiceImpl.class]
2025-05-11T16:29:43.241-04:00  INFO 13072 --- [gestionenvios] [           main] .s.d.r.c.RepositoryConfigurationDelegate : Finished Spring Data repository scanning in 4 ms. Found 1 JPA repository interface.
2025-05-11T16:29:43.249-04:00 DEBUG 13072 --- [gestionenvios] [           main] o.s.b.f.s.DefaultListableBeanFactory     : Creating shared instance of singleton bean 'org.springframework.boot.test.context.ImportsContextCustomizer$ImportsCleanupPostProcessor'
2025-05-11T16:29:43.250-04:00 DEBUG 13072 --- [gestionenvios] [           main] o.s.b.f.s.DefaultListableBeanFactory     : Creating shared instance of singleton bean 'org.springframework.boot.test.mock.mockito.MockitoPostProcessor'
2025-05-11T16:29:43.250-04:00 DEBUG 13072 --- [gestionenvios] [           main] o.s.b.f.s.DefaultListableBeanFactory     : Creating shared instance of singleton bean 'emBeanDefinitionRegistrarPostProcessor'
2025-05-11T16:29:43.250-04:00 DEBUG 13072 --- [gestionenvios] [           main] o.s.b.f.s.DefaultListableBeanFactory     : Creating shared instance of singleton bean 'org.springframework.boot.sql.init.dependency.DatabaseInitializationDependencyConfigurer$DependsOnDatabaseInitializationPostProcessor'
2025-05-11T16:29:43.254-04:00 DEBUG 13072 --- [gestionenvios] [           main] o.s.b.f.s.DefaultListableBeanFactory     : Creating shared instance of singleton bean 'org.springframework.context.event.internalEventListenerProcessor'
2025-05-11T16:29:43.254-04:00 DEBUG 13072 --- [gestionenvios] [           main] o.s.b.f.s.DefaultListableBeanFactory     : Creating shared instance of singleton bean 'org.springframework.context.event.internalEventListenerFactory'
2025-05-11T16:29:43.254-04:00 DEBUG 13072 --- [gestionenvios] [           main] o.s.b.f.s.DefaultListableBeanFactory     : Creating shared instance of singleton bean 'org.springframework.transaction.config.internalTransactionalEventListenerFactory'
2025-05-11T16:29:43.255-04:00 DEBUG 13072 --- [gestionenvios] [           main] o.s.b.f.s.DefaultListableBeanFactory     : Creating shared instance of singleton bean 'org.springframework.context.annotation.internalAutowiredAnnotationProcessor'
2025-05-11T16:29:43.255-04:00 DEBUG 13072 --- [gestionenvios] [           main] o.s.b.f.s.DefaultListableBeanFactory     : Creating shared instance of singleton bean 'org.springframework.context.annotation.internalCommonAnnotationProcessor'
2025-05-11T16:29:43.255-04:00 DEBUG 13072 --- [gestionenvios] [           main] o.s.b.f.s.DefaultListableBeanFactory     : Creating shared instance of singleton bean 'org.springframework.context.annotation.internalPersistenceAnnotationProcessor'
2025-05-11T16:29:43.255-04:00 DEBUG 13072 --- [gestionenvios] [           main] o.s.b.f.s.DefaultListableBeanFactory     : Creating shared instance of singleton bean 'org.springframework.boot.test.mock.mockito.MockitoPostProcessor$SpyPostProcessor'
2025-05-11T16:29:43.255-04:00 DEBUG 13072 --- [gestionenvios] [           main] o.s.b.f.s.DefaultListableBeanFactory     : Creating shared instance of singleton bean 'jdbcConnectionDetailsHikariBeanPostProcessor'
2025-05-11T16:29:43.255-04:00 DEBUG 13072 --- [gestionenvios] [           main] o.s.b.f.s.DefaultListableBeanFactory     : Creating shared instance of singleton bean 'org.springframework.boot.context.properties.ConfigurationPropertiesBindingPostProcessor'
2025-05-11T16:29:43.255-04:00 DEBUG 13072 --- [gestionenvios] [           main] o.s.b.f.s.DefaultListableBeanFactory     : Creating shared instance of singleton bean 'org.springframework.boot.context.internalConfigurationPropertiesBinder'
2025-05-11T16:29:43.255-04:00 DEBUG 13072 --- [gestionenvios] [           main] o.s.b.f.s.DefaultListableBeanFactory     : Creating shared instance of singleton bean 'org.springframework.aop.config.internalAutoProxyCreator'
2025-05-11T16:29:43.258-04:00 DEBUG 13072 --- [gestionenvios] [           main] o.s.b.f.s.DefaultListableBeanFactory     : Creating shared instance of singleton bean 'org.springframework.test.context.support.internalDynamicPropertyRegistrarBeanInitializer'
2025-05-11T16:29:43.259-04:00 DEBUG 13072 --- [gestionenvios] [           main] o.s.b.f.s.DefaultListableBeanFactory     : Creating shared instance of singleton bean 'org.springframework.transaction.config.internalTransactionAdvisor'
2025-05-11T16:29:43.259-04:00 DEBUG 13072 --- [gestionenvios] [           main] o.s.b.f.s.DefaultListableBeanFactory     : Creating shared instance of singleton bean 'org.springframework.transaction.annotation.ProxyTransactionManagementConfiguration'
2025-05-11T16:29:43.260-04:00 DEBUG 13072 --- [gestionenvios] [           main] o.s.b.f.s.DefaultListableBeanFactory     : Creating shared instance of singleton bean 'transactionAttributeSource'
2025-05-11T16:29:43.260-04:00 DEBUG 13072 --- [gestionenvios] [           main] o.s.b.f.s.DefaultListableBeanFactory     : Creating shared instance of singleton bean 'transactionInterceptor'
2025-05-11T16:29:43.261-04:00 DEBUG 13072 --- [gestionenvios] [           main] o.s.b.f.s.DefaultListableBeanFactory     : Autowiring by type from bean name 'transactionInterceptor' via factory method to bean named 'transactionAttributeSource'
2025-05-11T16:29:43.261-04:00 DEBUG 13072 --- [gestionenvios] [           main] o.s.b.f.s.DefaultListableBeanFactory     : Autowiring by type from bean name 'org.springframework.transaction.config.internalTransactionAdvisor' via factory method to bean named 'transactionAttributeSource'
2025-05-11T16:29:43.261-04:00 DEBUG 13072 --- [gestionenvios] [           main] o.s.b.f.s.DefaultListableBeanFactory     : Autowiring by type from bean name 'org.springframework.transaction.config.internalTransactionAdvisor' via factory method to bean named 'transactionInterceptor'
2025-05-11T16:29:43.261-04:00 DEBUG 13072 --- [gestionenvios] [           main] o.s.b.f.s.DefaultListableBeanFactory     : Creating shared instance of singleton bean 'dataSourceScriptDatabaseInitializer'
2025-05-11T16:29:43.261-04:00 DEBUG 13072 --- [gestionenvios] [           main] o.s.b.f.s.DefaultListableBeanFactory     : Creating shared instance of singleton bean 'org.springframework.boot.autoconfigure.sql.init.DataSourceInitializationConfiguration'
2025-05-11T16:29:43.261-04:00 DEBUG 13072 --- [gestionenvios] [           main] o.s.b.f.s.DefaultListableBeanFactory     : Creating shared instance of singleton bean 'dataSource'
2025-05-11T16:29:43.261-04:00 DEBUG 13072 --- [gestionenvios] [           main] o.s.b.f.s.DefaultListableBeanFactory     : Creating shared instance of singleton bean 'org.springframework.boot.autoconfigure.jdbc.DataSourceConfiguration$Hikari'
2025-05-11T16:29:43.262-04:00 DEBUG 13072 --- [gestionenvios] [           main] o.s.b.f.s.DefaultListableBeanFactory     : Creating shared instance of singleton bean 'spring.datasource-org.springframework.boot.autoconfigure.jdbc.DataSourceProperties'
2025-05-11T16:29:43.262-04:00 DEBUG 13072 --- [gestionenvios] [           main] o.s.b.f.s.DefaultListableBeanFactory     : Creating shared instance of singleton bean 'org.springframework.boot.context.properties.BoundConfigurationProperties'
2025-05-11T16:29:43.265-04:00 DEBUG 13072 --- [gestionenvios] [           main] o.s.b.f.s.DefaultListableBeanFactory     : Creating shared instance of singleton bean 'jdbcConnectionDetails'
2025-05-11T16:29:43.265-04:00 DEBUG 13072 --- [gestionenvios] [           main] o.s.b.f.s.DefaultListableBeanFactory     : Creating shared instance of singleton bean 'org.springframework.boot.autoconfigure.jdbc.DataSourceAutoConfiguration$PooledDataSourceConfiguration'
2025-05-11T16:29:43.265-04:00 DEBUG 13072 --- [gestionenvios] [           main] o.s.b.f.s.DefaultListableBeanFactory     : Autowiring by type from bean name 'jdbcConnectionDetails' via factory method to bean named 'spring.datasource-org.springframework.boot.autoconfigure.jdbc.DataSourceProperties'
2025-05-11T16:29:43.265-04:00 DEBUG 13072 --- [gestionenvios] [           main] o.s.b.f.s.DefaultListableBeanFactory     : Autowiring by type from bean name 'dataSource' via factory method to bean named 'spring.datasource-org.springframework.boot.autoconfigure.jdbc.DataSourceProperties'
2025-05-11T16:29:43.265-04:00 DEBUG 13072 --- [gestionenvios] [           main] o.s.b.f.s.DefaultListableBeanFactory     : Autowiring by type from bean name 'dataSource' via factory method to bean named 'jdbcConnectionDetails'
2025-05-11T16:29:43.273-04:00 DEBUG 13072 --- [gestionenvios] [           main] o.s.b.f.s.DefaultListableBeanFactory     : Creating shared instance of singleton bean 'spring.sql.init-org.springframework.boot.autoconfigure.sql.init.SqlInitializationProperties'
2025-05-11T16:29:43.274-04:00 DEBUG 13072 --- [gestionenvios] [           main] o.s.b.f.s.DefaultListableBeanFactory     : Autowiring by type from bean name 'dataSourceScriptDatabaseInitializer' via factory method to bean named 'dataSource'
2025-05-11T16:29:43.275-04:00 DEBUG 13072 --- [gestionenvios] [           main] o.s.b.f.s.DefaultListableBeanFactory     : Autowiring by type from bean name 'dataSourceScriptDatabaseInitializer' via factory method to bean named 'spring.sql.init-org.springframework.boot.autoconfigure.sql.init.SqlInitializationProperties'
2025-05-11T16:29:43.275-04:00 DEBUG 13072 --- [gestionenvios] [           main] o.s.b.f.s.DefaultListableBeanFactory     : Creating shared instance of singleton bean 'entityManagerFactory'
2025-05-11T16:29:43.275-04:00 DEBUG 13072 --- [gestionenvios] [           main] o.s.b.f.s.DefaultListableBeanFactory     : Creating shared instance of singleton bean 'org.springframework.boot.autoconfigure.orm.jpa.HibernateJpaConfiguration'
2025-05-11T16:29:43.276-04:00 DEBUG 13072 --- [gestionenvios] [           main] o.s.b.f.s.DefaultListableBeanFactory     : Creating shared instance of singleton bean 'spring.jpa-org.springframework.boot.autoconfigure.orm.jpa.JpaProperties'
2025-05-11T16:29:43.277-04:00 DEBUG 13072 --- [gestionenvios] [           main] o.s.b.f.s.DefaultListableBeanFactory     : Creating shared instance of singleton bean 'spring.jpa.hibernate-org.springframework.boot.autoconfigure.orm.jpa.HibernateProperties'
2025-05-11T16:29:43.278-04:00 DEBUG 13072 --- [gestionenvios] [           main] o.s.b.f.s.DefaultListableBeanFactory     : Autowiring by type from bean name 'org.springframework.boot.autoconfigure.orm.jpa.HibernateJpaConfiguration' via constructor to bean named 'dataSource'
2025-05-11T16:29:43.278-04:00 DEBUG 13072 --- [gestionenvios] [           main] o.s.b.f.s.DefaultListableBeanFactory     : Autowiring by type from bean name 'org.springframework.boot.autoconfigure.orm.jpa.HibernateJpaConfiguration' via constructor to bean named 'spring.jpa-org.springframework.boot.autoconfigure.orm.jpa.JpaProperties'
2025-05-11T16:29:43.278-04:00 DEBUG 13072 --- [gestionenvios] [           main] o.s.b.f.s.DefaultListableBeanFactory     : Autowiring by type from bean name 'org.springframework.boot.autoconfigure.orm.jpa.HibernateJpaConfiguration' via constructor to bean named 'org.springframework.beans.factory.support.DefaultListableBeanFactory@1ac65143'
2025-05-11T16:29:43.278-04:00 DEBUG 13072 --- [gestionenvios] [           main] o.s.b.f.s.DefaultListableBeanFactory     : Autowiring by type from bean name 'org.springframework.boot.autoconfigure.orm.jpa.HibernateJpaConfiguration' via constructor to bean named 'spring.jpa.hibernate-org.springframework.boot.autoconfigure.orm.jpa.HibernateProperties'
2025-05-11T16:29:43.278-04:00 DEBUG 13072 --- [gestionenvios] [           main] o.s.b.f.s.DefaultListableBeanFactory     : Creating shared instance of singleton bean 'oracleUcpPoolDataSourceMetadataProvider'
2025-05-11T16:29:43.278-04:00 DEBUG 13072 --- [gestionenvios] [           main] o.s.b.f.s.DefaultListableBeanFactory     : Creating shared instance of singleton bean 'org.springframework.boot.autoconfigure.jdbc.metadata.DataSourcePoolMetadataProvidersConfiguration$OracleUcpPoolDataSourceMetadataProviderConfiguration'
2025-05-11T16:29:43.278-04:00 DEBUG 13072 --- [gestionenvios] [           main] o.s.b.f.s.DefaultListableBeanFactory     : Creating shared instance of singleton bean 'hikariPoolDataSourceMetadataProvider'
2025-05-11T16:29:43.278-04:00 DEBUG 13072 --- [gestionenvios] [           main] o.s.b.f.s.DefaultListableBeanFactory     : Creating shared instance of singleton bean 'org.springframework.boot.autoconfigure.jdbc.metadata.DataSourcePoolMetadataProvidersConfiguration$HikariPoolDataSourceMetadataProviderConfiguration'
2025-05-11T16:29:43.280-04:00 DEBUG 13072 --- [gestionenvios] [           main] o.s.b.f.s.DefaultListableBeanFactory     : Creating shared instance of singleton bean 'entityManagerFactoryBuilder'
2025-05-11T16:29:43.280-04:00 DEBUG 13072 --- [gestionenvios] [           main] o.s.b.f.s.DefaultListableBeanFactory     : Creating shared instance of singleton bean 'jpaVendorAdapter'
2025-05-11T16:29:43.281-04:00 DEBUG 13072 --- [gestionenvios] [           main] o.s.b.f.s.DefaultListableBeanFactory     : Autowiring by type from bean name 'entityManagerFactoryBuilder' via factory method to bean named 'jpaVendorAdapter'
2025-05-11T16:29:43.281-04:00 DEBUG 13072 --- [gestionenvios] [           main] o.s.b.f.s.DefaultListableBeanFactory     : Creating shared instance of singleton bean 'persistenceManagedTypes'
2025-05-11T16:29:43.282-04:00 DEBUG 13072 --- [gestionenvios] [           main] o.s.b.f.s.DefaultListableBeanFactory     : Autowiring by type from bean name 'persistenceManagedTypes' via factory method to bean named 'org.springframework.beans.factory.support.DefaultListableBeanFactory@1ac65143'
2025-05-11T16:29:43.282-04:00 DEBUG 13072 --- [gestionenvios] [           main] o.s.b.f.s.DefaultListableBeanFactory     : Autowiring by type from bean name 'persistenceManagedTypes' via factory method to bean named 'org.springframework.context.annotation.AnnotationConfigApplicationContext@776e4088'
2025-05-11T16:29:43.284-04:00 DEBUG 13072 --- [gestionenvios] [           main] o.s.b.f.s.DefaultListableBeanFactory     : Autowiring by type from bean name 'entityManagerFactory' via factory method to bean named 'entityManagerFactoryBuilder'
2025-05-11T16:29:43.284-04:00 DEBUG 13072 --- [gestionenvios] [           main] o.s.b.f.s.DefaultListableBeanFactory     : Autowiring by type from bean name 'entityManagerFactory' via factory method to bean named 'persistenceManagedTypes'
2025-05-11T16:29:43.285-04:00 DEBUG 13072 --- [gestionenvios] [           main] j.LocalContainerEntityManagerFactoryBean : Building JPA container EntityManagerFactory for persistence unit 'default'
2025-05-11T16:29:43.285-04:00 DEBUG 13072 --- [gestionenvios] [           main] o.hibernate.jpa.internal.util.LogHelper  : PersistenceUnitInfo [
	name: default
	persistence provider classname: null
	classloader: jdk.internal.loader.ClassLoaders$AppClassLoader@42110406
	excludeUnlistedClasses: true
	JTA datasource: null
	Non JTA datasource: HikariDataSource (null)
	Transaction type: RESOURCE_LOCAL
	PU root URL: file:/Users/krhisnaoyanedelyanez/Desktop/EFT_GESTIONENVIOS/target/test-classes/
	Shared Cache Mode: UNSPECIFIED
	Validation Mode: AUTO
	Jar files URLs []
	Managed classes names [
		com.example.gestionenvios.model.Envios]
	Mapping files names []
	Properties []
2025-05-11T16:29:43.285-04:00 DEBUG 13072 --- [gestionenvios] [           main] o.h.i.internal.IntegratorServiceImpl     : Adding Integrator [org.hibernate.boot.beanvalidation.BeanValidationIntegrator].
2025-05-11T16:29:43.285-04:00 DEBUG 13072 --- [gestionenvios] [           main] o.h.i.internal.IntegratorServiceImpl     : Adding Integrator [org.hibernate.cache.internal.CollectionCacheInvalidator].
2025-05-11T16:29:43.287-04:00 DEBUG 13072 --- [gestionenvios] [           main] org.hibernate.orm.idgen.factory          : Registering IdentifierGenerator strategy [uuid2] -> [org.hibernate.id.UUIDGenerator]
2025-05-11T16:29:43.287-04:00 DEBUG 13072 --- [gestionenvios] [           main] org.hibernate.orm.idgen.factory          : Registering IdentifierGenerator strategy [guid] -> [org.hibernate.id.GUIDGenerator]
2025-05-11T16:29:43.287-04:00 DEBUG 13072 --- [gestionenvios] [           main] org.hibernate.orm.idgen.factory          : Registering IdentifierGenerator strategy [uuid] -> [org.hibernate.id.UUIDHexGenerator]
2025-05-11T16:29:43.287-04:00 DEBUG 13072 --- [gestionenvios] [           main] org.hibernate.orm.idgen.factory          : Registering IdentifierGenerator strategy [uuid.hex] -> [org.hibernate.id.UUIDHexGenerator]
2025-05-11T16:29:43.287-04:00 DEBUG 13072 --- [gestionenvios] [           main] org.hibernate.orm.idgen.factory          : Registering IdentifierGenerator strategy [assigned] -> [org.hibernate.id.Assigned]
2025-05-11T16:29:43.287-04:00 DEBUG 13072 --- [gestionenvios] [           main] org.hibernate.orm.idgen.factory          : Registering IdentifierGenerator strategy [identity] -> [org.hibernate.id.IdentityGenerator]
2025-05-11T16:29:43.287-04:00 DEBUG 13072 --- [gestionenvios] [           main] org.hibernate.orm.idgen.factory          : Registering IdentifierGenerator strategy [select] -> [org.hibernate.id.SelectGenerator]
2025-05-11T16:29:43.287-04:00 DEBUG 13072 --- [gestionenvios] [           main] org.hibernate.orm.idgen.factory          : Registering IdentifierGenerator strategy [sequence] -> [org.hibernate.id.enhanced.SequenceStyleGenerator]
2025-05-11T16:29:43.287-04:00 DEBUG 13072 --- [gestionenvios] [           main] org.hibernate.orm.idgen.factory          : Registering IdentifierGenerator strategy [increment] -> [org.hibernate.id.IncrementGenerator]
2025-05-11T16:29:43.287-04:00 DEBUG 13072 --- [gestionenvios] [           main] org.hibernate.orm.idgen.factory          : Registering IdentifierGenerator strategy [foreign] -> [org.hibernate.id.ForeignGenerator]
2025-05-11T16:29:43.287-04:00 DEBUG 13072 --- [gestionenvios] [           main] org.hibernate.orm.idgen.factory          : Registering IdentifierGenerator strategy [enhanced-sequence] -> [org.hibernate.id.enhanced.SequenceStyleGenerator]
2025-05-11T16:29:43.287-04:00 DEBUG 13072 --- [gestionenvios] [           main] org.hibernate.orm.idgen.factory          : Registering IdentifierGenerator strategy [enhanced-table] -> [org.hibernate.id.enhanced.TableGenerator]
2025-05-11T16:29:43.287-04:00 DEBUG 13072 --- [gestionenvios] [           main] o.h.c.internal.RegionFactoryInitiator    : Cannot default RegionFactory based on registered strategies as `[]` RegionFactory strategies were registered
2025-05-11T16:29:43.287-04:00  INFO 13072 --- [gestionenvios] [           main] o.h.c.internal.RegionFactoryInitiator    : HHH000026: Second-level cache disabled
2025-05-11T16:29:43.287-04:00 DEBUG 13072 --- [gestionenvios] [           main] org.hibernate.type.BasicTypeRegistry     : Adding type registration boolean -> org.hibernate.type.BasicTypeReference@5a899811
2025-05-11T16:29:43.287-04:00 DEBUG 13072 --- [gestionenvios] [           main] org.hibernate.type.BasicTypeRegistry     : Adding type registration boolean -> org.hibernate.type.BasicTypeReference@5a899811
2025-05-11T16:29:43.287-04:00 DEBUG 13072 --- [gestionenvios] [           main] org.hibernate.type.BasicTypeRegistry     : Adding type registration java.lang.Boolean -> org.hibernate.type.BasicTypeReference@5a899811
2025-05-11T16:29:43.287-04:00 DEBUG 13072 --- [gestionenvios] [           main] org.hibernate.type.BasicTypeRegistry     : Adding type registration numeric_boolean -> org.hibernate.type.BasicTypeReference@6a51ae7c
2025-05-11T16:29:43.287-04:00 DEBUG 13072 --- [gestionenvios] [           main] org.hibernate.type.BasicTypeRegistry     : Adding type registration org.hibernate.type.NumericBooleanConverter -> org.hibernate.type.BasicTypeReference@6a51ae7c
2025-05-11T16:29:43.288-04:00 DEBUG 13072 --- [gestionenvios] [           main] org.hibernate.type.BasicTypeRegistry     : Adding type registration true_false -> org.hibernate.type.BasicTypeReference@171aa66
2025-05-11T16:29:43.288-04:00 DEBUG 13072 --- [gestionenvios] [           main] org.hibernate.type.BasicTypeRegistry     : Adding type registration org.hibernate.type.TrueFalseConverter -> org.hibernate.type.BasicTypeReference@171aa66
2025-05-11T16:29:43.288-04:00 DEBUG 13072 --- [gestionenvios] [           main] org.hibernate.type.BasicTypeRegistry     : Adding type registration yes_no -> org.hibernate.type.BasicTypeReference@58739e5e
2025-05-11T16:29:43.288-04:00 DEBUG 13072 --- [gestionenvios] [           main] org.hibernate.type.BasicTypeRegistry     : Adding type registration org.hibernate.type.YesNoConverter -> org.hibernate.type.BasicTypeReference@58739e5e
2025-05-11T16:29:43.288-04:00 DEBUG 13072 --- [gestionenvios] [           main] org.hibernate.type.BasicTypeRegistry     : Adding type registration byte -> org.hibernate.type.BasicTypeReference@4e2cdc51
2025-05-11T16:29:43.288-04:00 DEBUG 13072 --- [gestionenvios] [           main] org.hibernate.type.BasicTypeRegistry     : Adding type registration byte -> org.hibernate.type.BasicTypeReference@4e2cdc51
2025-05-11T16:29:43.288-04:00 DEBUG 13072 --- [gestionenvios] [           main] org.hibernate.type.BasicTypeRegistry     : Adding type registration java.lang.Byte -> org.hibernate.type.BasicTypeReference@4e2cdc51
2025-05-11T16:29:43.288-04:00 DEBUG 13072 --- [gestionenvios] [           main] org.hibernate.type.BasicTypeRegistry     : Adding type registration binary -> org.hibernate.type.BasicTypeReference@2969a9a6
2025-05-11T16:29:43.288-04:00 DEBUG 13072 --- [gestionenvios] [           main] org.hibernate.type.BasicTypeRegistry     : Adding type registration byte[] -> org.hibernate.type.BasicTypeReference@2969a9a6
2025-05-11T16:29:43.288-04:00 DEBUG 13072 --- [gestionenvios] [           main] org.hibernate.type.BasicTypeRegistry     : Adding type registration [B -> org.hibernate.type.BasicTypeReference@2969a9a6
2025-05-11T16:29:43.288-04:00 DEBUG 13072 --- [gestionenvios] [           main] org.hibernate.type.BasicTypeRegistry     : Adding type registration binary_wrapper -> org.hibernate.type.BasicTypeReference@25470477
2025-05-11T16:29:43.288-04:00 DEBUG 13072 --- [gestionenvios] [           main] org.hibernate.type.BasicTypeRegistry     : Adding type registration wrapper-binary -> org.hibernate.type.BasicTypeReference@25470477
2025-05-11T16:29:43.288-04:00 DEBUG 13072 --- [gestionenvios] [           main] org.hibernate.type.BasicTypeRegistry     : Adding type registration image -> org.hibernate.type.BasicTypeReference@6182ffef
2025-05-11T16:29:43.288-04:00 DEBUG 13072 --- [gestionenvios] [           main] org.hibernate.type.BasicTypeRegistry     : Adding type registration blob -> org.hibernate.type.BasicTypeReference@49e479da
2025-05-11T16:29:43.288-04:00 DEBUG 13072 --- [gestionenvios] [           main] org.hibernate.type.BasicTypeRegistry     : Adding type registration java.sql.Blob -> org.hibernate.type.BasicTypeReference@49e479da
2025-05-11T16:29:43.288-04:00 DEBUG 13072 --- [gestionenvios] [           main] org.hibernate.type.BasicTypeRegistry     : Adding type registration materialized_blob -> org.hibernate.type.BasicTypeReference@2d24cdd9
2025-05-11T16:29:43.288-04:00 DEBUG 13072 --- [gestionenvios] [           main] org.hibernate.type.BasicTypeRegistry     : Adding type registration materialized_blob_wrapper -> org.hibernate.type.BasicTypeReference@30dd00b6
2025-05-11T16:29:43.288-04:00 DEBUG 13072 --- [gestionenvios] [           main] org.hibernate.type.BasicTypeRegistry     : Adding type registration short -> org.hibernate.type.BasicTypeReference@4656fcc5
2025-05-11T16:29:43.288-04:00 DEBUG 13072 --- [gestionenvios] [           main] org.hibernate.type.BasicTypeRegistry     : Adding type registration short -> org.hibernate.type.BasicTypeReference@4656fcc5
2025-05-11T16:29:43.288-04:00 DEBUG 13072 --- [gestionenvios] [           main] org.hibernate.type.BasicTypeRegistry     : Adding type registration java.lang.Short -> org.hibernate.type.BasicTypeReference@4656fcc5
2025-05-11T16:29:43.288-04:00 DEBUG 13072 --- [gestionenvios] [           main] org.hibernate.type.BasicTypeRegistry     : Adding type registration integer -> org.hibernate.type.BasicTypeReference@2c16677c
2025-05-11T16:29:43.288-04:00 DEBUG 13072 --- [gestionenvios] [           main] org.hibernate.type.BasicTypeRegistry     : Adding type registration int -> org.hibernate.type.BasicTypeReference@2c16677c
2025-05-11T16:29:43.288-04:00 DEBUG 13072 --- [gestionenvios] [           main] org.hibernate.type.BasicTypeRegistry     : Adding type registration java.lang.Integer -> org.hibernate.type.BasicTypeReference@2c16677c
2025-05-11T16:29:43.288-04:00 DEBUG 13072 --- [gestionenvios] [           main] org.hibernate.type.BasicTypeRegistry     : Adding type registration long -> org.hibernate.type.BasicTypeReference@27d73d22
2025-05-11T16:29:43.288-04:00 DEBUG 13072 --- [gestionenvios] [           main] org.hibernate.type.BasicTypeRegistry     : Adding type registration long -> org.hibernate.type.BasicTypeReference@27d73d22
2025-05-11T16:29:43.288-04:00 DEBUG 13072 --- [gestionenvios] [           main] org.hibernate.type.BasicTypeRegistry     : Adding type registration java.lang.Long -> org.hibernate.type.BasicTypeReference@27d73d22
2025-05-11T16:29:43.288-04:00 DEBUG 13072 --- [gestionenvios] [           main] org.hibernate.type.BasicTypeRegistry     : Adding type registration float -> org.hibernate.type.BasicTypeReference@7fd751de
2025-05-11T16:29:43.288-04:00 DEBUG 13072 --- [gestionenvios] [           main] org.hibernate.type.BasicTypeRegistry     : Adding type registration float -> org.hibernate.type.BasicTypeReference@7fd751de
2025-05-11T16:29:43.288-04:00 DEBUG 13072 --- [gestionenvios] [           main] org.hibernate.type.BasicTypeRegistry     : Adding type registration java.lang.Float -> org.hibernate.type.BasicTypeReference@7fd751de
2025-05-11T16:29:43.288-04:00 DEBUG 13072 --- [gestionenvios] [           main] org.hibernate.type.BasicTypeRegistry     : Adding type registration double -> org.hibernate.type.BasicTypeReference@e162a35
2025-05-11T16:29:43.288-04:00 DEBUG 13072 --- [gestionenvios] [           main] org.hibernate.type.BasicTypeRegistry     : Adding type registration double -> org.hibernate.type.BasicTypeReference@e162a35
2025-05-11T16:29:43.288-04:00 DEBUG 13072 --- [gestionenvios] [           main] org.hibernate.type.BasicTypeRegistry     : Adding type registration java.lang.Double -> org.hibernate.type.BasicTypeReference@e162a35
2025-05-11T16:29:43.303-04:00 DEBUG 13072 --- [gestionenvios] [           main] org.hibernate.type.BasicTypeRegistry     : Adding type registration big_integer -> org.hibernate.type.BasicTypeReference@1124910c
2025-05-11T16:29:43.303-04:00 DEBUG 13072 --- [gestionenvios] [           main] org.hibernate.type.BasicTypeRegistry     : Adding type registration java.math.BigInteger -> org.hibernate.type.BasicTypeReference@1124910c
2025-05-11T16:29:43.303-04:00 DEBUG 13072 --- [gestionenvios] [           main] org.hibernate.type.BasicTypeRegistry     : Adding type registration big_decimal -> org.hibernate.type.BasicTypeReference@f849027
2025-05-11T16:29:43.303-04:00 DEBUG 13072 --- [gestionenvios] [           main] org.hibernate.type.BasicTypeRegistry     : Adding type registration java.math.BigDecimal -> org.hibernate.type.BasicTypeReference@f849027
2025-05-11T16:29:43.303-04:00 DEBUG 13072 --- [gestionenvios] [           main] org.hibernate.type.BasicTypeRegistry     : Adding type registration character -> org.hibernate.type.BasicTypeReference@4a9869a8
2025-05-11T16:29:43.303-04:00 DEBUG 13072 --- [gestionenvios] [           main] org.hibernate.type.BasicTypeRegistry     : Adding type registration char -> org.hibernate.type.BasicTypeReference@4a9869a8
2025-05-11T16:29:43.303-04:00 DEBUG 13072 --- [gestionenvios] [           main] org.hibernate.type.BasicTypeRegistry     : Adding type registration java.lang.Character -> org.hibernate.type.BasicTypeReference@4a9869a8
2025-05-11T16:29:43.303-04:00 DEBUG 13072 --- [gestionenvios] [           main] org.hibernate.type.BasicTypeRegistry     : Adding type registration character_nchar -> org.hibernate.type.BasicTypeReference@75e0a54c
2025-05-11T16:29:43.303-04:00 DEBUG 13072 --- [gestionenvios] [           main] org.hibernate.type.BasicTypeRegistry     : Adding type registration string -> org.hibernate.type.BasicTypeReference@40f9f60d
2025-05-11T16:29:43.303-04:00 DEBUG 13072 --- [gestionenvios] [           main] org.hibernate.type.BasicTypeRegistry     : Adding type registration java.lang.String -> org.hibernate.type.BasicTypeReference@40f9f60d
2025-05-11T16:29:43.303-04:00 DEBUG 13072 --- [gestionenvios] [           main] org.hibernate.type.BasicTypeRegistry     : Adding type registration nstring -> org.hibernate.type.BasicTypeReference@6bd7439d
2025-05-11T16:29:43.303-04:00 DEBUG 13072 --- [gestionenvios] [           main] org.hibernate.type.BasicTypeRegistry     : Adding type registration characters -> org.hibernate.type.BasicTypeReference@628ba266
2025-05-11T16:29:43.303-04:00 DEBUG 13072 --- [gestionenvios] [           main] org.hibernate.type.BasicTypeRegistry     : Adding type registration char[] -> org.hibernate.type.BasicTypeReference@628ba266
2025-05-11T16:29:43.303-04:00 DEBUG 13072 --- [gestionenvios] [           main] org.hibernate.type.BasicTypeRegistry     : Adding type registration [C -> org.hibernate.type.BasicTypeReference@628ba266
2025-05-11T16:29:43.303-04:00 DEBUG 13072 --- [gestionenvios] [           main] org.hibernate.type.BasicTypeRegistry     : Adding type registration wrapper-characters -> org.hibernate.type.BasicTypeReference@1231a1be
2025-05-11T16:29:43.303-04:00 DEBUG 13072 --- [gestionenvios] [           main] org.hibernate.type.BasicTypeRegistry     : Adding type registration text -> org.hibernate.type.BasicTypeReference@1d77746b
2025-05-11T16:29:43.303-04:00 DEBUG 13072 --- [gestionenvios] [           main] org.hibernate.type.BasicTypeRegistry     : Adding type registration ntext -> org.hibernate.type.BasicTypeReference@4ced17f3
2025-05-11T16:29:43.303-04:00 DEBUG 13072 --- [gestionenvios] [           main] org.hibernate.type.BasicTypeRegistry     : Adding type registration clob -> org.hibernate.type.BasicTypeReference@734a149a
2025-05-11T16:29:43.303-04:00 DEBUG 13072 --- [gestionenvios] [           main] org.hibernate.type.BasicTypeRegistry     : Adding type registration java.sql.Clob -> org.hibernate.type.BasicTypeReference@734a149a
2025-05-11T16:29:43.303-04:00 DEBUG 13072 --- [gestionenvios] [           main] org.hibernate.type.BasicTypeRegistry     : Adding type registration nclob -> org.hibernate.type.BasicTypeReference@6ce9771c
2025-05-11T16:29:43.303-04:00 DEBUG 13072 --- [gestionenvios] [           main] org.hibernate.type.BasicTypeRegistry     : Adding type registration java.sql.NClob -> org.hibernate.type.BasicTypeReference@6ce9771c
2025-05-11T16:29:43.303-04:00 DEBUG 13072 --- [gestionenvios] [           main] org.hibernate.type.BasicTypeRegistry     : Adding type registration materialized_clob -> org.hibernate.type.BasicTypeReference@4a9b92c6
2025-05-11T16:29:43.303-04:00 DEBUG 13072 --- [gestionenvios] [           main] org.hibernate.type.BasicTypeRegistry     : Adding type registration materialized_clob_char_array -> org.hibernate.type.BasicTypeReference@6eed46e9
2025-05-11T16:29:43.303-04:00 DEBUG 13072 --- [gestionenvios] [           main] org.hibernate.type.BasicTypeRegistry     : Adding type registration materialized_clob_character_array -> org.hibernate.type.BasicTypeReference@4d20616a
2025-05-11T16:29:43.303-04:00 DEBUG 13072 --- [gestionenvios] [           main] org.hibernate.type.BasicTypeRegistry     : Adding type registration materialized_nclob -> org.hibernate.type.BasicTypeReference@6ad6ae45
2025-05-11T16:29:43.303-04:00 DEBUG 13072 --- [gestionenvios] [           main] org.hibernate.type.BasicTypeRegistry     : Adding type registration materialized_nclob_character_array -> org.hibernate.type.BasicTypeReference@7c4d1c7b
2025-05-11T16:29:43.303-04:00 DEBUG 13072 --- [gestionenvios] [           main] org.hibernate.type.BasicTypeRegistry     : Adding type registration materialized_nclob_char_array -> org.hibernate.type.BasicTypeReference@7893c715
2025-05-11T16:29:43.303-04:00 DEBUG 13072 --- [gestionenvios] [           main] org.hibernate.type.BasicTypeRegistry     : Adding type registration Duration -> org.hibernate.type.BasicTypeReference@36f6d25c
2025-05-11T16:29:43.303-04:00 DEBUG 13072 --- [gestionenvios] [           main] org.hibernate.type.BasicTypeRegistry     : Adding type registration java.time.Duration -> org.hibernate.type.BasicTypeReference@36f6d25c
2025-05-11T16:29:43.303-04:00 DEBUG 13072 --- [gestionenvios] [           main] org.hibernate.type.BasicTypeRegistry     : Adding type registration LocalDateTime -> org.hibernate.type.BasicTypeReference@690df641
2025-05-11T16:29:43.303-04:00 DEBUG 13072 --- [gestionenvios] [           main] org.hibernate.type.BasicTypeRegistry     : Adding type registration java.time.LocalDateTime -> org.hibernate.type.BasicTypeReference@690df641
2025-05-11T16:29:43.303-04:00 DEBUG 13072 --- [gestionenvios] [           main] org.hibernate.type.BasicTypeRegistry     : Adding type registration LocalDate -> org.hibernate.type.BasicTypeReference@7db791df
2025-05-11T16:29:43.303-04:00 DEBUG 13072 --- [gestionenvios] [           main] org.hibernate.type.BasicTypeRegistry     : Adding type registration java.time.LocalDate -> org.hibernate.type.BasicTypeReference@7db791df
2025-05-11T16:29:43.303-04:00 DEBUG 13072 --- [gestionenvios] [           main] org.hibernate.type.BasicTypeRegistry     : Adding type registration LocalTime -> org.hibernate.type.BasicTypeReference@1bfa5a13
2025-05-11T16:29:43.303-04:00 DEBUG 13072 --- [gestionenvios] [           main] org.hibernate.type.BasicTypeRegistry     : Adding type registration java.time.LocalTime -> org.hibernate.type.BasicTypeReference@1bfa5a13
2025-05-11T16:29:43.303-04:00 DEBUG 13072 --- [gestionenvios] [           main] org.hibernate.type.BasicTypeRegistry     : Adding type registration OffsetDateTime -> org.hibernate.type.BasicTypeReference@1b1e1f02
2025-05-11T16:29:43.303-04:00 DEBUG 13072 --- [gestionenvios] [           main] org.hibernate.type.BasicTypeRegistry     : Adding type registration java.time.OffsetDateTime -> org.hibernate.type.BasicTypeReference@1b1e1f02
2025-05-11T16:29:43.303-04:00 DEBUG 13072 --- [gestionenvios] [           main] org.hibernate.type.BasicTypeRegistry     : Adding type registration OffsetDateTimeWithTimezone -> org.hibernate.type.BasicTypeReference@1da75dde
2025-05-11T16:29:43.303-04:00 DEBUG 13072 --- [gestionenvios] [           main] org.hibernate.type.BasicTypeRegistry     : Adding type registration OffsetDateTimeWithoutTimezone -> org.hibernate.type.BasicTypeReference@5c5f0edc
2025-05-11T16:29:43.303-04:00 DEBUG 13072 --- [gestionenvios] [           main] org.hibernate.type.BasicTypeRegistry     : Adding type registration OffsetTime -> org.hibernate.type.BasicTypeReference@153cfd86
2025-05-11T16:29:43.304-04:00 DEBUG 13072 --- [gestionenvios] [           main] org.hibernate.type.BasicTypeRegistry     : Adding type registration java.time.OffsetTime -> org.hibernate.type.BasicTypeReference@153cfd86
2025-05-11T16:29:43.304-04:00 DEBUG 13072 --- [gestionenvios] [           main] org.hibernate.type.BasicTypeRegistry     : Adding type registration OffsetTimeUtc -> org.hibernate.type.BasicTypeReference@7e31062c
2025-05-11T16:29:43.304-04:00 DEBUG 13072 --- [gestionenvios] [           main] org.hibernate.type.BasicTypeRegistry     : Adding type registration OffsetTimeWithTimezone -> org.hibernate.type.BasicTypeReference@595fed99
2025-05-11T16:29:43.304-04:00 DEBUG 13072 --- [gestionenvios] [           main] org.hibernate.type.BasicTypeRegistry     : Adding type registration OffsetTimeWithoutTimezone -> org.hibernate.type.BasicTypeReference@7d522180
2025-05-11T16:29:43.304-04:00 DEBUG 13072 --- [gestionenvios] [           main] org.hibernate.type.BasicTypeRegistry     : Adding type registration ZonedDateTime -> org.hibernate.type.BasicTypeReference@ff03361
2025-05-11T16:29:43.304-04:00 DEBUG 13072 --- [gestionenvios] [           main] org.hibernate.type.BasicTypeRegistry     : Adding type registration java.time.ZonedDateTime -> org.hibernate.type.BasicTypeReference@ff03361
2025-05-11T16:29:43.304-04:00 DEBUG 13072 --- [gestionenvios] [           main] org.hibernate.type.BasicTypeRegistry     : Adding type registration ZonedDateTimeWithTimezone -> org.hibernate.type.BasicTypeReference@790654d5
2025-05-11T16:29:43.304-04:00 DEBUG 13072 --- [gestionenvios] [           main] org.hibernate.type.BasicTypeRegistry     : Adding type registration ZonedDateTimeWithoutTimezone -> org.hibernate.type.BasicTypeReference@5f935d49
2025-05-11T16:29:43.304-04:00 DEBUG 13072 --- [gestionenvios] [           main] org.hibernate.type.BasicTypeRegistry     : Adding type registration date -> org.hibernate.type.BasicTypeReference@3321291a
2025-05-11T16:29:43.304-04:00 DEBUG 13072 --- [gestionenvios] [           main] org.hibernate.type.BasicTypeRegistry     : Adding type registration java.sql.Date -> org.hibernate.type.BasicTypeReference@3321291a
2025-05-11T16:29:43.304-04:00 DEBUG 13072 --- [gestionenvios] [           main] org.hibernate.type.BasicTypeRegistry     : Adding type registration time -> org.hibernate.type.BasicTypeReference@3dc46f24
2025-05-11T16:29:43.304-04:00 DEBUG 13072 --- [gestionenvios] [           main] org.hibernate.type.BasicTypeRegistry     : Adding type registration java.sql.Time -> org.hibernate.type.BasicTypeReference@3dc46f24
2025-05-11T16:29:43.304-04:00 DEBUG 13072 --- [gestionenvios] [           main] org.hibernate.type.BasicTypeRegistry     : Adding type registration timestamp -> org.hibernate.type.BasicTypeReference@76af34b5
2025-05-11T16:29:43.304-04:00 DEBUG 13072 --- [gestionenvios] [           main] org.hibernate.type.BasicTypeRegistry     : Adding type registration java.sql.Timestamp -> org.hibernate.type.BasicTypeReference@76af34b5
2025-05-11T16:29:43.304-04:00 DEBUG 13072 --- [gestionenvios] [           main] org.hibernate.type.BasicTypeRegistry     : Adding type registration java.util.Date -> org.hibernate.type.BasicTypeReference@76af34b5
2025-05-11T16:29:43.304-04:00 DEBUG 13072 --- [gestionenvios] [           main] org.hibernate.type.BasicTypeRegistry     : Adding type registration calendar -> org.hibernate.type.BasicTypeReference@3313463c
2025-05-11T16:29:43.304-04:00 DEBUG 13072 --- [gestionenvios] [           main] org.hibernate.type.BasicTypeRegistry     : Adding type registration java.util.Calendar -> org.hibernate.type.BasicTypeReference@3313463c
2025-05-11T16:29:43.304-04:00 DEBUG 13072 --- [gestionenvios] [           main] org.hibernate.type.BasicTypeRegistry     : Adding type registration java.util.GregorianCalendar -> org.hibernate.type.BasicTypeReference@3313463c
2025-05-11T16:29:43.304-04:00 DEBUG 13072 --- [gestionenvios] [           main] org.hibernate.type.BasicTypeRegistry     : Adding type registration calendar_date -> org.hibernate.type.BasicTypeReference@9c0d0bd
2025-05-11T16:29:43.304-04:00 DEBUG 13072 --- [gestionenvios] [           main] org.hibernate.type.BasicTypeRegistry     : Adding type registration calendar_time -> org.hibernate.type.BasicTypeReference@176333ee
2025-05-11T16:29:43.304-04:00 DEBUG 13072 --- [gestionenvios] [           main] org.hibernate.type.BasicTypeRegistry     : Adding type registration instant -> org.hibernate.type.BasicTypeReference@18e6b72b
2025-05-11T16:29:43.304-04:00 DEBUG 13072 --- [gestionenvios] [           main] org.hibernate.type.BasicTypeRegistry     : Adding type registration java.time.Instant -> org.hibernate.type.BasicTypeReference@18e6b72b
2025-05-11T16:29:43.304-04:00 DEBUG 13072 --- [gestionenvios] [           main] org.hibernate.type.BasicTypeRegistry     : Adding type registration uuid -> org.hibernate.type.BasicTypeReference@316d30ad
2025-05-11T16:29:43.304-04:00 DEBUG 13072 --- [gestionenvios] [           main] org.hibernate.type.BasicTypeRegistry     : Adding type registration java.util.UUID -> org.hibernate.type.BasicTypeReference@316d30ad
2025-05-11T16:29:43.304-04:00 DEBUG 13072 --- [gestionenvios] [           main] org.hibernate.type.BasicTypeRegistry     : Adding type registration pg-uuid -> org.hibernate.type.BasicTypeReference@316d30ad
2025-05-11T16:29:43.304-04:00 DEBUG 13072 --- [gestionenvios] [           main] org.hibernate.type.BasicTypeRegistry     : Adding type registration uuid-binary -> org.hibernate.type.BasicTypeReference@3ea75b05
2025-05-11T16:29:43.304-04:00 DEBUG 13072 --- [gestionenvios] [           main] org.hibernate.type.BasicTypeRegistry     : Adding type registration uuid-char -> org.hibernate.type.BasicTypeReference@30d5e37c
2025-05-11T16:29:43.304-04:00 DEBUG 13072 --- [gestionenvios] [           main] org.hibernate.type.BasicTypeRegistry     : Adding type registration class -> org.hibernate.type.BasicTypeReference@1da745a2
2025-05-11T16:29:43.304-04:00 DEBUG 13072 --- [gestionenvios] [           main] org.hibernate.type.BasicTypeRegistry     : Adding type registration java.lang.Class -> org.hibernate.type.BasicTypeReference@1da745a2
2025-05-11T16:29:43.304-04:00 DEBUG 13072 --- [gestionenvios] [           main] org.hibernate.type.BasicTypeRegistry     : Adding type registration currency -> org.hibernate.type.BasicTypeReference@4597e6e3
2025-05-11T16:29:43.304-04:00 DEBUG 13072 --- [gestionenvios] [           main] org.hibernate.type.BasicTypeRegistry     : Adding type registration Currency -> org.hibernate.type.BasicTypeReference@4597e6e3
2025-05-11T16:29:43.304-04:00 DEBUG 13072 --- [gestionenvios] [           main] org.hibernate.type.BasicTypeRegistry     : Adding type registration java.util.Currency -> org.hibernate.type.BasicTypeReference@4597e6e3
2025-05-11T16:29:43.304-04:00 DEBUG 13072 --- [gestionenvios] [           main] org.hibernate.type.BasicTypeRegistry     : Adding type registration locale -> org.hibernate.type.BasicTypeReference@41ece227
2025-05-11T16:29:43.304-04:00 DEBUG 13072 --- [gestionenvios] [           main] org.hibernate.type.BasicTypeRegistry     : Adding type registration java.util.Locale -> org.hibernate.type.BasicTypeReference@41ece227
2025-05-11T16:29:43.304-04:00 DEBUG 13072 --- [gestionenvios] [           main] org.hibernate.type.BasicTypeRegistry     : Adding type registration serializable -> org.hibernate.type.BasicTypeReference@5e3d2765
2025-05-11T16:29:43.304-04:00 DEBUG 13072 --- [gestionenvios] [           main] org.hibernate.type.BasicTypeRegistry     : Adding type registration java.io.Serializable -> org.hibernate.type.BasicTypeReference@5e3d2765
2025-05-11T16:29:43.304-04:00 DEBUG 13072 --- [gestionenvios] [           main] org.hibernate.type.BasicTypeRegistry     : Adding type registration timezone -> org.hibernate.type.BasicTypeReference@7910f355
2025-05-11T16:29:43.304-04:00 DEBUG 13072 --- [gestionenvios] [           main] org.hibernate.type.BasicTypeRegistry     : Adding type registration java.util.TimeZone -> org.hibernate.type.BasicTypeReference@7910f355
2025-05-11T16:29:43.304-04:00 DEBUG 13072 --- [gestionenvios] [           main] org.hibernate.type.BasicTypeRegistry     : Adding type registration ZoneOffset -> org.hibernate.type.BasicTypeReference@34ab26a
2025-05-11T16:29:43.304-04:00 DEBUG 13072 --- [gestionenvios] [           main] org.hibernate.type.BasicTypeRegistry     : Adding type registration java.time.ZoneOffset -> org.hibernate.type.BasicTypeReference@34ab26a
2025-05-11T16:29:43.304-04:00 DEBUG 13072 --- [gestionenvios] [           main] org.hibernate.type.BasicTypeRegistry     : Adding type registration url -> org.hibernate.type.BasicTypeReference@259195fe
2025-05-11T16:29:43.304-04:00 DEBUG 13072 --- [gestionenvios] [           main] org.hibernate.type.BasicTypeRegistry     : Adding type registration java.net.URL -> org.hibernate.type.BasicTypeReference@259195fe
2025-05-11T16:29:43.304-04:00 DEBUG 13072 --- [gestionenvios] [           main] org.hibernate.type.BasicTypeRegistry     : Adding type registration vector -> org.hibernate.type.BasicTypeReference@12209826
2025-05-11T16:29:43.304-04:00 DEBUG 13072 --- [gestionenvios] [           main] org.hibernate.type.BasicTypeRegistry     : Adding type registration float_vector -> org.hibernate.type.BasicTypeReference@6cd45b6c
2025-05-11T16:29:43.304-04:00 DEBUG 13072 --- [gestionenvios] [           main] org.hibernate.type.BasicTypeRegistry     : Adding type registration double_vector -> org.hibernate.type.BasicTypeReference@3a5b7d7e
2025-05-11T16:29:43.304-04:00 DEBUG 13072 --- [gestionenvios] [           main] org.hibernate.type.BasicTypeRegistry     : Adding type registration byte_vector -> org.hibernate.type.BasicTypeReference@13cc31ae
2025-05-11T16:29:43.304-04:00 DEBUG 13072 --- [gestionenvios] [           main] org.hibernate.type.BasicTypeRegistry     : Adding type registration row_version -> org.hibernate.type.BasicTypeReference@5bb7a59
2025-05-11T16:29:43.304-04:00 DEBUG 13072 --- [gestionenvios] [           main] org.hibernate.type.BasicTypeRegistry     : Adding type registration object -> org.hibernate.type.JavaObjectType@1d4cc7
2025-05-11T16:29:43.304-04:00 DEBUG 13072 --- [gestionenvios] [           main] org.hibernate.type.BasicTypeRegistry     : Adding type registration java.lang.Object -> org.hibernate.type.JavaObjectType@1d4cc7
2025-05-11T16:29:43.304-04:00 DEBUG 13072 --- [gestionenvios] [           main] org.hibernate.type.BasicTypeRegistry     : Adding type registration null -> org.hibernate.type.NullType@43c0c13a
2025-05-11T16:29:43.304-04:00 DEBUG 13072 --- [gestionenvios] [           main] org.hibernate.type.BasicTypeRegistry     : Adding type registration imm_date -> org.hibernate.type.BasicTypeReference@7ee45cbe
2025-05-11T16:29:43.304-04:00 DEBUG 13072 --- [gestionenvios] [           main] org.hibernate.type.BasicTypeRegistry     : Adding type registration imm_time -> org.hibernate.type.BasicTypeReference@5634f627
2025-05-11T16:29:43.304-04:00 DEBUG 13072 --- [gestionenvios] [           main] org.hibernate.type.BasicTypeRegistry     : Adding type registration imm_timestamp -> org.hibernate.type.BasicTypeReference@380ea757
2025-05-11T16:29:43.304-04:00 DEBUG 13072 --- [gestionenvios] [           main] org.hibernate.type.BasicTypeRegistry     : Adding type registration imm_calendar -> org.hibernate.type.BasicTypeReference@721e5f57
2025-05-11T16:29:43.305-04:00 DEBUG 13072 --- [gestionenvios] [           main] org.hibernate.type.BasicTypeRegistry     : Adding type registration imm_calendar_date -> org.hibernate.type.BasicTypeReference@2e43fc06
2025-05-11T16:29:43.305-04:00 DEBUG 13072 --- [gestionenvios] [           main] org.hibernate.type.BasicTypeRegistry     : Adding type registration imm_calendar_time -> org.hibernate.type.BasicTypeReference@5fb7b227
2025-05-11T16:29:43.305-04:00 DEBUG 13072 --- [gestionenvios] [           main] org.hibernate.type.BasicTypeRegistry     : Adding type registration imm_binary -> org.hibernate.type.BasicTypeReference@12ce9299
2025-05-11T16:29:43.305-04:00 DEBUG 13072 --- [gestionenvios] [           main] org.hibernate.type.BasicTypeRegistry     : Adding type registration imm_serializable -> org.hibernate.type.BasicTypeReference@12aa9370
2025-05-11T16:29:43.306-04:00 DEBUG 13072 --- [gestionenvios] [           main] o.h.boot.internal.BootstrapContextImpl   : Injecting JPA temp ClassLoader [org.springframework.instrument.classloading.SimpleThrowawayClassLoader@41fc5625] into BootstrapContext; was [null]
2025-05-11T16:29:43.306-04:00 DEBUG 13072 --- [gestionenvios] [           main] o.h.boot.internal.ClassLoaderAccessImpl  : ClassLoaderAccessImpl#injectTempClassLoader(org.springframework.instrument.classloading.SimpleThrowawayClassLoader@41fc5625) [was null]
2025-05-11T16:29:43.306-04:00 DEBUG 13072 --- [gestionenvios] [           main] o.h.boot.internal.BootstrapContextImpl   : Injecting ScanEnvironment [org.hibernate.jpa.boot.internal.StandardJpaScanEnvironmentImpl@27c05ed9] into BootstrapContext; was [null]
2025-05-11T16:29:43.306-04:00 DEBUG 13072 --- [gestionenvios] [           main] o.h.boot.internal.BootstrapContextImpl   : Injecting ScanOptions [org.hibernate.boot.archive.scan.internal.StandardScanOptions@61377842] into BootstrapContext; was [org.hibernate.boot.archive.scan.internal.StandardScanOptions@51cbd1d]
2025-05-11T16:29:43.306-04:00 DEBUG 13072 --- [gestionenvios] [           main] o.h.j.b.i.PersistenceUnitInfoDescriptor  : Pushing class transformers for PU named 'default' on loading classloader jdk.internal.loader.ClassLoaders$AppClassLoader@42110406
2025-05-11T16:29:43.313-04:00  INFO 13072 --- [gestionenvios] [           main] o.s.o.j.p.SpringPersistenceUnitInfo      : No LoadTimeWeaver setup: ignoring JPA class transformer
2025-05-11T16:29:43.313-04:00 DEBUG 13072 --- [gestionenvios] [           main] o.h.boot.internal.BootstrapContextImpl   : Injecting JPA temp ClassLoader [null] into BootstrapContext; was [org.springframework.instrument.classloading.SimpleThrowawayClassLoader@41fc5625]
2025-05-11T16:29:43.313-04:00 DEBUG 13072 --- [gestionenvios] [           main] o.h.boot.internal.ClassLoaderAccessImpl  : ClassLoaderAccessImpl#injectTempClassLoader(null) [was org.springframework.instrument.classloading.SimpleThrowawayClassLoader@41fc5625]
2025-05-11T16:29:43.313-04:00  INFO 13072 --- [gestionenvios] [           main] com.zaxxer.hikari.HikariDataSource       : HikariPool-2 - Starting...
2025-05-11T16:29:43.999-04:00  INFO 13072 --- [gestionenvios] [           main] com.zaxxer.hikari.pool.HikariPool        : HikariPool-2 - Added connection oracle.jdbc.driver.T4CConnection@6818c0a6
2025-05-11T16:29:43.999-04:00  INFO 13072 --- [gestionenvios] [           main] com.zaxxer.hikari.HikariDataSource       : HikariPool-2 - Start completed.
2025-05-11T16:29:44.009-04:00 DEBUG 13072 --- [gestionenvios] [           main] o.h.e.j.e.i.JdbcEnvironmentInitiator     : Database ->
	   name : Oracle
	version : Oracle Database 19c Enterprise Edition Release 19.0.0.0.0 - Production
Version 19.27.0.1.0
	  major : 19
	  minor : 27
2025-05-11T16:29:44.009-04:00 DEBUG 13072 --- [gestionenvios] [           main] o.h.e.j.e.i.JdbcEnvironmentInitiator     : Driver ->
	   name : Oracle JDBC driver
	version : 23.5.0.24.07
	  major : 23
	  minor : 5
2025-05-11T16:29:44.009-04:00 DEBUG 13072 --- [gestionenvios] [           main] o.h.e.j.e.i.JdbcEnvironmentInitiator     : JDBC version : 4.3
2025-05-11T16:29:44.019-04:00  WARN 13072 --- [gestionenvios] [           main] org.hibernate.orm.deprecation            : HHH90000025: OracleDialect does not need to be specified explicitly using 'hibernate.dialect' (remove the property setting and it will be selected by default)
2025-05-11T16:29:44.019-04:00 DEBUG 13072 --- [gestionenvios] [           main] org.hibernate.orm.dialect                : HHH035001: Using dialect: org.hibernate.dialect.OracleDialect, version: 19.27
2025-05-11T16:29:44.085-04:00  INFO 13072 --- [gestionenvios] [           main] org.hibernate.orm.connections.pooling    : HHH10001005: Database info:
	Database JDBC URL [Connecting through datasource 'HikariDataSource (HikariPool-2)']
	Database driver: undefined/unknown
	Database version: 19.27
	Autocommit mode: undefined/unknown
	Isolation level: undefined/unknown
	Minimum pool size: undefined/unknown
	Maximum pool size: undefined/unknown
2025-05-11T16:29:44.085-04:00 DEBUG 13072 --- [gestionenvios] [           main] o.h.t.d.jdbc.spi.JdbcTypeRegistry        : addDescriptor(NCharTypeDescriptor) replaced previous registration(CharTypeDescriptor)
2025-05-11T16:29:44.085-04:00 DEBUG 13072 --- [gestionenvios] [           main] o.h.t.d.jdbc.spi.JdbcTypeRegistry        : addDescriptor(NVarcharTypeDescriptor) replaced previous registration(VarcharTypeDescriptor)
2025-05-11T16:29:44.085-04:00 DEBUG 13072 --- [gestionenvios] [           main] o.h.t.d.jdbc.spi.JdbcTypeRegistry        : addDescriptor(LongNVarcharTypeDescriptor) replaced previous registration(LongVarcharTypeDescriptor)
2025-05-11T16:29:44.085-04:00 DEBUG 13072 --- [gestionenvios] [           main] o.h.t.d.jdbc.spi.JdbcTypeRegistry        : addDescriptor(NClobTypeDescriptor(DEFAULT)) replaced previous registration(ClobTypeDescriptor(DEFAULT))
2025-05-11T16:29:44.085-04:00 DEBUG 13072 --- [gestionenvios] [           main] o.h.t.d.jdbc.spi.JdbcTypeRegistry        : addDescriptor(BooleanTypeDescriptor) replaced previous registration(BooleanTypeDescriptor)
2025-05-11T16:29:44.086-04:00 DEBUG 13072 --- [gestionenvios] [           main] org.hibernate.type.BasicTypeRegistry     : Adding type registration null -> org.hibernate.type.NullType@4f7bb581
2025-05-11T16:29:44.086-04:00 DEBUG 13072 --- [gestionenvios] [           main] org.hibernate.type.BasicTypeRegistry     : Type registration key [null] overrode previous entry : `org.hibernate.type.NullType@43c0c13a`
2025-05-11T16:29:44.086-04:00 DEBUG 13072 --- [gestionenvios] [           main] org.hibernate.type.BasicTypeRegistry     : Adding type registration JAVA_OBJECT -> org.hibernate.type.JavaObjectType@5168f69d
2025-05-11T16:29:44.086-04:00 DEBUG 13072 --- [gestionenvios] [           main] org.hibernate.type.BasicTypeRegistry     : Adding type registration java.lang.Object -> org.hibernate.type.JavaObjectType@5168f69d
2025-05-11T16:29:44.086-04:00 DEBUG 13072 --- [gestionenvios] [           main] org.hibernate.type.BasicTypeRegistry     : Type registration key [java.lang.Object] overrode previous entry : `org.hibernate.type.JavaObjectType@1d4cc7`
2025-05-11T16:29:44.086-04:00 DEBUG 13072 --- [gestionenvios] [           main] org.hibernate.type.BasicTypeRegistry     : Adding type registration org.hibernate.type.DurationType -> basicType@20(java.time.Duration,3015)
2025-05-11T16:29:44.086-04:00 DEBUG 13072 --- [gestionenvios] [           main] org.hibernate.type.BasicTypeRegistry     : Adding type registration Duration -> basicType@20(java.time.Duration,3015)
2025-05-11T16:29:44.086-04:00 DEBUG 13072 --- [gestionenvios] [           main] org.hibernate.type.BasicTypeRegistry     : Adding type registration java.time.Duration -> basicType@20(java.time.Duration,3015)
2025-05-11T16:29:44.086-04:00 DEBUG 13072 --- [gestionenvios] [           main] o.h.type.spi.TypeConfiguration$Scope     : Scoping TypeConfiguration [org.hibernate.type.spi.TypeConfiguration@6c6a7553] to MetadataBuildingContext [org.hibernate.boot.internal.MetadataBuildingContextRootImpl@2242dd2b]
2025-05-11T16:29:44.086-04:00 DEBUG 13072 --- [gestionenvios] [           main] o.h.boot.model.relational.Namespace      : Created database namespace [logicalName=Name{catalog=null, schema=null}, physicalName=Name{catalog=null, schema=null}]
2025-05-11T16:29:44.086-04:00 DEBUG 13072 --- [gestionenvios] [           main] o.h.boot.model.internal.EntityBinder     : Binding entity from annotated class: com.example.gestionenvios.model.Envios
2025-05-11T16:29:44.086-04:00 DEBUG 13072 --- [gestionenvios] [           main] o.h.boot.model.internal.EntityBinder     : Import with entity name Envios
2025-05-11T16:29:44.086-04:00 DEBUG 13072 --- [gestionenvios] [           main] o.h.boot.model.internal.EntityBinder     : Bind entity com.example.gestionenvios.model.Envios on table envios
2025-05-11T16:29:44.086-04:00 DEBUG 13072 --- [gestionenvios] [           main] o.h.boot.model.internal.AnnotatedColumn  : Binding column: AnnotatedDiscriminatorColumn(column='DTYPE')
2025-05-11T16:29:44.087-04:00 DEBUG 13072 --- [gestionenvios] [           main] o.h.boot.model.internal.AnnotatedColumn  : Binding column: AnnotatedColumn(column='nSeguimiento')
2025-05-11T16:29:44.087-04:00 DEBUG 13072 --- [gestionenvios] [           main] o.h.boot.internal.ClassLoaderAccessImpl  : Not known whether passed class name [com.example.gestionenvios.model.Envios] is safe
2025-05-11T16:29:44.087-04:00 DEBUG 13072 --- [gestionenvios] [           main] o.h.boot.internal.ClassLoaderAccessImpl  : No temp ClassLoader provided; using live ClassLoader for loading potentially unsafe class : com.example.gestionenvios.model.Envios
2025-05-11T16:29:44.087-04:00 DEBUG 13072 --- [gestionenvios] [           main] o.h.boot.model.internal.PropertyBinder   : MetadataSourceProcessor property nSeguimiento with lazy=false
2025-05-11T16:29:44.087-04:00 DEBUG 13072 --- [gestionenvios] [           main] o.h.b.m.internal.AbstractPropertyHolder  : Attempting to locate auto-apply AttributeConverter for property [com.example.gestionenvios.model.Envios:nSeguimiento]
2025-05-11T16:29:44.087-04:00 DEBUG 13072 --- [gestionenvios] [           main] o.h.b.model.internal.BasicValueBinder    : building BasicValue for nSeguimiento
2025-05-11T16:29:44.087-04:00 DEBUG 13072 --- [gestionenvios] [           main] org.hibernate.mapping.BasicValue         : Skipping column re-registration: envios.n_seguimiento
2025-05-11T16:29:44.087-04:00 DEBUG 13072 --- [gestionenvios] [           main] o.h.boot.model.internal.PropertyBinder   : Building property nSeguimiento
2025-05-11T16:29:44.087-04:00 DEBUG 13072 --- [gestionenvios] [           main] o.h.boot.model.internal.BinderHelper     : #makeIdGenerator(BasicValue([Column(n_seguimiento)]), nSeguimiento, identity, , ...)
2025-05-11T16:29:44.088-04:00 DEBUG 13072 --- [gestionenvios] [           main] o.h.boot.model.internal.AnnotatedColumn  : Binding column: AnnotatedColumn(column='destinatario')
2025-05-11T16:29:44.088-04:00 DEBUG 13072 --- [gestionenvios] [           main] o.h.boot.model.internal.PropertyBinder   : MetadataSourceProcessor property destinatario with lazy=false
2025-05-11T16:29:44.088-04:00 DEBUG 13072 --- [gestionenvios] [           main] o.h.b.m.internal.AbstractPropertyHolder  : Attempting to locate auto-apply AttributeConverter for property [com.example.gestionenvios.model.Envios:destinatario]
2025-05-11T16:29:44.088-04:00 DEBUG 13072 --- [gestionenvios] [           main] o.h.b.model.internal.BasicValueBinder    : building BasicValue for destinatario
2025-05-11T16:29:44.088-04:00 DEBUG 13072 --- [gestionenvios] [           main] org.hibernate.mapping.BasicValue         : Skipping column re-registration: envios.destinatario
2025-05-11T16:29:44.088-04:00 DEBUG 13072 --- [gestionenvios] [           main] o.h.boot.model.internal.PropertyBinder   : Building property destinatario
2025-05-11T16:29:44.088-04:00 DEBUG 13072 --- [gestionenvios] [           main] o.h.boot.model.internal.AnnotatedColumn  : Binding column: AnnotatedColumn(column='empresaEnvio')
2025-05-11T16:29:44.088-04:00 DEBUG 13072 --- [gestionenvios] [           main] o.h.boot.model.internal.PropertyBinder   : MetadataSourceProcessor property empresaEnvio with lazy=false
2025-05-11T16:29:44.088-04:00 DEBUG 13072 --- [gestionenvios] [           main] o.h.b.m.internal.AbstractPropertyHolder  : Attempting to locate auto-apply AttributeConverter for property [com.example.gestionenvios.model.Envios:empresaEnvio]
2025-05-11T16:29:44.088-04:00 DEBUG 13072 --- [gestionenvios] [           main] o.h.b.model.internal.BasicValueBinder    : building BasicValue for empresaEnvio
2025-05-11T16:29:44.088-04:00 DEBUG 13072 --- [gestionenvios] [           main] org.hibernate.mapping.BasicValue         : Skipping column re-registration: envios.empresa_envio
2025-05-11T16:29:44.088-04:00 DEBUG 13072 --- [gestionenvios] [           main] o.h.boot.model.internal.PropertyBinder   : Building property empresaEnvio
2025-05-11T16:29:44.088-04:00 DEBUG 13072 --- [gestionenvios] [           main] o.h.boot.model.internal.AnnotatedColumn  : Binding column: AnnotatedColumn(column='estado')
2025-05-11T16:29:44.088-04:00 DEBUG 13072 --- [gestionenvios] [           main] o.h.boot.model.internal.PropertyBinder   : MetadataSourceProcessor property estado with lazy=false
2025-05-11T16:29:44.088-04:00 DEBUG 13072 --- [gestionenvios] [           main] o.h.b.m.internal.AbstractPropertyHolder  : Attempting to locate auto-apply AttributeConverter for property [com.example.gestionenvios.model.Envios:estado]
2025-05-11T16:29:44.088-04:00 DEBUG 13072 --- [gestionenvios] [           main] o.h.b.model.internal.BasicValueBinder    : building BasicValue for estado
2025-05-11T16:29:44.088-04:00 DEBUG 13072 --- [gestionenvios] [           main] org.hibernate.mapping.BasicValue         : Skipping column re-registration: envios.estado
2025-05-11T16:29:44.088-04:00 DEBUG 13072 --- [gestionenvios] [           main] o.h.boot.model.internal.PropertyBinder   : Building property estado
2025-05-11T16:29:44.088-04:00 DEBUG 13072 --- [gestionenvios] [           main] o.h.boot.model.internal.AnnotatedColumn  : Binding column: AnnotatedColumn(column='fechaEntrega')
2025-05-11T16:29:44.088-04:00 DEBUG 13072 --- [gestionenvios] [           main] o.h.boot.model.internal.PropertyBinder   : MetadataSourceProcessor property fechaEntrega with lazy=false
2025-05-11T16:29:44.088-04:00 DEBUG 13072 --- [gestionenvios] [           main] o.h.b.m.internal.AbstractPropertyHolder  : Attempting to locate auto-apply AttributeConverter for property [com.example.gestionenvios.model.Envios:fechaEntrega]
2025-05-11T16:29:44.088-04:00 DEBUG 13072 --- [gestionenvios] [           main] o.h.b.model.internal.BasicValueBinder    : building BasicValue for fechaEntrega
2025-05-11T16:29:44.088-04:00 DEBUG 13072 --- [gestionenvios] [           main] org.hibernate.mapping.BasicValue         : Skipping column re-registration: envios.fecha_entrega
2025-05-11T16:29:44.088-04:00 DEBUG 13072 --- [gestionenvios] [           main] o.h.boot.model.internal.PropertyBinder   : Building property fechaEntrega
2025-05-11T16:29:44.088-04:00 DEBUG 13072 --- [gestionenvios] [           main] o.h.boot.model.internal.AnnotatedColumn  : Binding column: AnnotatedColumn(column='fechaSalida')
2025-05-11T16:29:44.088-04:00 DEBUG 13072 --- [gestionenvios] [           main] o.h.boot.model.internal.PropertyBinder   : MetadataSourceProcessor property fechaSalida with lazy=false
2025-05-11T16:29:44.088-04:00 DEBUG 13072 --- [gestionenvios] [           main] o.h.b.m.internal.AbstractPropertyHolder  : Attempting to locate auto-apply AttributeConverter for property [com.example.gestionenvios.model.Envios:fechaSalida]
2025-05-11T16:29:44.089-04:00 DEBUG 13072 --- [gestionenvios] [           main] o.h.b.model.internal.BasicValueBinder    : building BasicValue for fechaSalida
2025-05-11T16:29:44.089-04:00 DEBUG 13072 --- [gestionenvios] [           main] org.hibernate.mapping.BasicValue         : Skipping column re-registration: envios.fecha_salida
2025-05-11T16:29:44.089-04:00 DEBUG 13072 --- [gestionenvios] [           main] o.h.boot.model.internal.PropertyBinder   : Building property fechaSalida
2025-05-11T16:29:44.089-04:00 DEBUG 13072 --- [gestionenvios] [           main] o.h.boot.model.internal.AnnotatedColumn  : Binding column: AnnotatedColumn(column='paisDestino')
2025-05-11T16:29:44.089-04:00 DEBUG 13072 --- [gestionenvios] [           main] o.h.boot.model.internal.PropertyBinder   : MetadataSourceProcessor property paisDestino with lazy=false
2025-05-11T16:29:44.089-04:00 DEBUG 13072 --- [gestionenvios] [           main] o.h.b.m.internal.AbstractPropertyHolder  : Attempting to locate auto-apply AttributeConverter for property [com.example.gestionenvios.model.Envios:paisDestino]
2025-05-11T16:29:44.089-04:00 DEBUG 13072 --- [gestionenvios] [           main] o.h.b.model.internal.BasicValueBinder    : building BasicValue for paisDestino
2025-05-11T16:29:44.089-04:00 DEBUG 13072 --- [gestionenvios] [           main] org.hibernate.mapping.BasicValue         : Skipping column re-registration: envios.pais_destino
2025-05-11T16:29:44.089-04:00 DEBUG 13072 --- [gestionenvios] [           main] o.h.boot.model.internal.PropertyBinder   : Building property paisDestino
2025-05-11T16:29:44.089-04:00 DEBUG 13072 --- [gestionenvios] [           main] o.h.boot.model.internal.AnnotatedColumn  : Binding column: AnnotatedColumn(column='paisOrigen')
2025-05-11T16:29:44.089-04:00 DEBUG 13072 --- [gestionenvios] [           main] o.h.boot.model.internal.PropertyBinder   : MetadataSourceProcessor property paisOrigen with lazy=false
2025-05-11T16:29:44.089-04:00 DEBUG 13072 --- [gestionenvios] [           main] o.h.b.m.internal.AbstractPropertyHolder  : Attempting to locate auto-apply AttributeConverter for property [com.example.gestionenvios.model.Envios:paisOrigen]
2025-05-11T16:29:44.089-04:00 DEBUG 13072 --- [gestionenvios] [           main] o.h.b.model.internal.BasicValueBinder    : building BasicValue for paisOrigen
2025-05-11T16:29:44.089-04:00 DEBUG 13072 --- [gestionenvios] [           main] org.hibernate.mapping.BasicValue         : Skipping column re-registration: envios.pais_origen
2025-05-11T16:29:44.089-04:00 DEBUG 13072 --- [gestionenvios] [           main] o.h.boot.model.internal.PropertyBinder   : Building property paisOrigen
2025-05-11T16:29:44.089-04:00 DEBUG 13072 --- [gestionenvios] [           main] o.h.boot.model.internal.AnnotatedColumn  : Binding column: AnnotatedColumn(column='ubicacionActual')
2025-05-11T16:29:44.089-04:00 DEBUG 13072 --- [gestionenvios] [           main] o.h.boot.model.internal.PropertyBinder   : MetadataSourceProcessor property ubicacionActual with lazy=false
2025-05-11T16:29:44.089-04:00 DEBUG 13072 --- [gestionenvios] [           main] o.h.b.m.internal.AbstractPropertyHolder  : Attempting to locate auto-apply AttributeConverter for property [com.example.gestionenvios.model.Envios:ubicacionActual]
2025-05-11T16:29:44.089-04:00 DEBUG 13072 --- [gestionenvios] [           main] o.h.b.model.internal.BasicValueBinder    : building BasicValue for ubicacionActual
2025-05-11T16:29:44.089-04:00 DEBUG 13072 --- [gestionenvios] [           main] org.hibernate.mapping.BasicValue         : Skipping column re-registration: envios.ubicacion_actual
2025-05-11T16:29:44.089-04:00 DEBUG 13072 --- [gestionenvios] [           main] o.h.boot.model.internal.PropertyBinder   : Building property ubicacionActual
2025-05-11T16:29:44.090-04:00 DEBUG 13072 --- [gestionenvios] [           main] o.h.b.r.c.i.ClassLoaderServiceImpl       : HHH000194: Package not found or no package-info.java: com.example.gestionenvios.model
2025-05-11T16:29:44.090-04:00 DEBUG 13072 --- [gestionenvios] [           main] o.h.b.model.internal.BasicValueBinder    : Starting `BasicValueBinder#fillSimpleValue` for nSeguimiento
2025-05-11T16:29:44.090-04:00 DEBUG 13072 --- [gestionenvios] [           main] o.h.b.model.internal.BasicValueBinder    : Starting `BasicValueBinder#fillSimpleValue` for destinatario
2025-05-11T16:29:44.090-04:00 DEBUG 13072 --- [gestionenvios] [           main] o.h.b.model.internal.BasicValueBinder    : Starting `BasicValueBinder#fillSimpleValue` for empresaEnvio
2025-05-11T16:29:44.090-04:00 DEBUG 13072 --- [gestionenvios] [           main] o.h.b.model.internal.BasicValueBinder    : Starting `BasicValueBinder#fillSimpleValue` for estado
2025-05-11T16:29:44.090-04:00 DEBUG 13072 --- [gestionenvios] [           main] o.h.b.model.internal.BasicValueBinder    : Starting `BasicValueBinder#fillSimpleValue` for fechaEntrega
2025-05-11T16:29:44.091-04:00 DEBUG 13072 --- [gestionenvios] [           main] o.h.b.model.internal.BasicValueBinder    : Starting `BasicValueBinder#fillSimpleValue` for fechaSalida
2025-05-11T16:29:44.091-04:00 DEBUG 13072 --- [gestionenvios] [           main] o.h.b.model.internal.BasicValueBinder    : Starting `BasicValueBinder#fillSimpleValue` for paisDestino
2025-05-11T16:29:44.091-04:00 DEBUG 13072 --- [gestionenvios] [           main] o.h.b.model.internal.BasicValueBinder    : Starting `BasicValueBinder#fillSimpleValue` for paisOrigen
2025-05-11T16:29:44.091-04:00 DEBUG 13072 --- [gestionenvios] [           main] o.h.b.model.internal.BasicValueBinder    : Starting `BasicValueBinder#fillSimpleValue` for ubicacionActual
2025-05-11T16:29:44.091-04:00 DEBUG 13072 --- [gestionenvios] [           main] org.hibernate.mapping.PrimaryKey         : Forcing column [n_seguimiento] to be non-null as it is part of the primary key for table [envios]
2025-05-11T16:29:44.098-04:00 DEBUG 13072 --- [gestionenvios] [           main] o.hibernate.internal.SessionFactoryImpl  : Building session factory
2025-05-11T16:29:44.099-04:00 DEBUG 13072 --- [gestionenvios] [           main] .h.s.i.SessionFactoryServiceRegistryImpl : EventListenerRegistry access via ServiceRegistry is deprecated.  Use `sessionFactory.getEventEngine().getListenerRegistry()` instead
2025-05-11T16:29:44.099-04:00 DEBUG 13072 --- [gestionenvios] [           main] o.hibernate.internal.SessionFactoryImpl  : Instantiating SessionFactory with settings: {java.specification.version=17, hibernate.resource.beans.container=org.springframework.orm.hibernate5.SpringBeanContainer@4992e34f, hibernate.connection.handling_mode=DELAYED_ACQUISITION_AND_HOLD, sun.jnu.encoding=UTF-8, hibernate.dialect=org.hibernate.dialect.OracleDialect, hibernate.implicit_naming_strategy=org.springframework.boot.orm.jpa.hibernate.SpringImplicitNamingStrategy, java.class.path=/Users/krhisnaoyanedelyanez/Desktop/EFT_GESTIONENVIOS/target/test-classes:/Users/krhisnaoyanedelyanez/Desktop/EFT_GESTIONENVIOS/target/classes:/Users/krhisnaoyanedelyanez/.m2/repository/org/springframework/boot/spring-boot-starter-validation/3.4.4/spring-boot-starter-validation-3.4.4.jar:/Users/krhisnaoyanedelyanez/.m2/repository/org/springframework/boot/spring-boot-starter/3.4.4/spring-boot-starter-3.4.4.jar:/Users/krhisnaoyanedelyanez/.m2/repository/org/springframework/boot/spring-boot-starter-logging/3.4.4/spring-boot-starter-logging-3.4.4.jar:/Users/krhisnaoyanedelyanez/.m2/repository/ch/qos/logback/logback-classic/1.5.18/logback-classic-1.5.18.jar:/Users/krhisnaoyanedelyanez/.m2/repository/ch/qos/logback/logback-core/1.5.18/logback-core-1.5.18.jar:/Users/krhisnaoyanedelyanez/.m2/repository/org/apache/logging/log4j/log4j-to-slf4j/2.24.3/log4j-to-slf4j-2.24.3.jar:/Users/krhisnaoyanedelyanez/.m2/repository/org/apache/logging/log4j/log4j-api/2.24.3/log4j-api-2.24.3.jar:/Users/krhisnaoyanedelyanez/.m2/repository/org/slf4j/jul-to-slf4j/2.0.17/jul-to-slf4j-2.0.17.jar:/Users/krhisnaoyanedelyanez/.m2/repository/jakarta/annotation/jakarta.annotation-api/2.1.1/jakarta.annotation-api-2.1.1.jar:/Users/krhisnaoyanedelyanez/.m2/repository/org/yaml/snakeyaml/2.3/snakeyaml-2.3.jar:/Users/krhisnaoyanedelyanez/.m2/repository/org/apache/tomcat/embed/tomcat-embed-el/10.1.39/tomcat-embed-el-10.1.39.jar:/Users/krhisnaoyanedelyanez/.m2/repository/org/hibernate/validator/hibernate-validator/8.0.2.Final/hibernate-validator-8.0.2.Final.jar:/Users/krhisnaoyanedelyanez/.m2/repository/jakarta/validation/jakarta.validation-api/3.0.2/jakarta.validation-api-3.0.2.jar:/Users/krhisnaoyanedelyanez/.m2/rep
[...]
2025-05-11T16:29:44.439-04:00 DEBUG 13072 --- [gestionenvios] [           main] org.springframework.test.context.cache   : Spring test ApplicationContext cache statistics: [DefaultContextCache@63b95a30 size = 2, maxSize = 32, parentContextCount = 0, hitCount = 16, missCount = 2, failureCount = 0]
2025-05-11T16:29:44.440-04:00 DEBUG 13072 --- [gestionenvios] [           main] sContextBeforeModesTestExecutionListener : Before test method: class [EnviosRepositoryTest], method [testNoEncontrarEnvioPorId], class annotated with @DirtiesContext [false] with mode [null], method annotated with @DirtiesContext [false] with mode [null]
2025-05-11T16:29:44.442-04:00 DEBUG 13072 --- [gestionenvios] [           main] t.c.t.TransactionalTestExecutionListener : Explicit transaction definition [PROPAGATION_REQUIRED,ISOLATION_DEFAULT] found for test class [com.example.gestionenvios.repository.EnviosRepositoryTest] and test method [testNoEncontrarEnvioPorId]
2025-05-11T16:29:44.442-04:00 DEBUG 13072 --- [gestionenvios] [           main] org.springframework.test.context.cache   : Spring test ApplicationContext cache statistics: [DefaultContextCache@63b95a30 size = 2, maxSize = 32, parentContextCount = 0, hitCount = 17, missCount = 2, failureCount = 0]
2025-05-11T16:29:44.443-04:00 DEBUG 13072 --- [gestionenvios] [           main] t.c.t.TransactionalTestExecutionListener : No method-level @Rollback override: using default rollback [true] for test method [public void com.example.gestionenvios.repository.EnviosRepositoryTest.testNoEncontrarEnvioPorId()]
2025-05-11T16:29:44.443-04:00 DEBUG 13072 --- [gestionenvios] [           main] o.s.orm.jpa.JpaTransactionManager        : Creating new transaction with name [com.example.gestionenvios.repository.EnviosRepositoryTest.testNoEncontrarEnvioPorId]: PROPAGATION_REQUIRED,ISOLATION_DEFAULT
2025-05-11T16:29:44.443-04:00 DEBUG 13072 --- [gestionenvios] [           main] o.s.orm.jpa.JpaTransactionManager        : Opened new EntityManager [SessionImpl(1019449674<open>)] for JPA transaction
2025-05-11T16:29:44.445-04:00 DEBUG 13072 --- [gestionenvios] [           main] o.h.e.t.internal.TransactionImpl         : On TransactionImpl creation, JpaCompliance#isJpaTransactionComplianceEnabled == false
2025-05-11T16:29:44.445-04:00 DEBUG 13072 --- [gestionenvios] [           main] o.h.e.t.internal.TransactionImpl         : begin
2025-05-11T16:29:44.446-04:00 DEBUG 13072 --- [gestionenvios] [           main] o.s.orm.jpa.JpaTransactionManager        : Exposing JPA transaction as JDBC [org.springframework.orm.jpa.vendor.HibernateJpaDialect$HibernateConnectionHandle@13b52853]
2025-05-11T16:29:44.446-04:00 DEBUG 13072 --- [gestionenvios] [           main] o.s.t.c.transaction.TransactionContext   : Began transaction (1) for test class [com.example.gestionenvios.repository.EnviosRepositoryTest]; test method [testNoEncontrarEnvioPorId]; transaction manager [org.springframework.orm.jpa.JpaTransactionManager@62db3787]; rollback [true]
2025-05-11T16:29:44.447-04:00 DEBUG 13072 --- [gestionenvios] [           main] org.springframework.test.context.cache   : Spring test ApplicationContext cache statistics: [DefaultContextCache@63b95a30 size = 2, maxSize = 32, parentContextCount = 0, hitCount = 18, missCount = 2, failureCount = 0]
2025-05-11T16:29:44.447-04:00 DEBUG 13072 --- [gestionenvios] [           main] org.springframework.test.context.cache   : Spring test ApplicationContext cache statistics: [DefaultContextCache@63b95a30 size = 2, maxSize = 32, parentContextCount = 0, hitCount = 19, missCount = 2, failureCount = 0]
2025-05-11T16:29:44.447-04:00 DEBUG 13072 --- [gestionenvios] [           main] org.springframework.test.context.cache   : Spring test ApplicationContext cache statistics: [DefaultContextCache@63b95a30 size = 2, maxSize = 32, parentContextCount = 0, hitCount = 20, missCount = 2, failureCount = 0]
2025-05-11T16:29:44.447-04:00 DEBUG 13072 --- [gestionenvios] [           main] org.springframework.test.context.cache   : Spring test ApplicationContext cache statistics: [DefaultContextCache@63b95a30 size = 2, maxSize = 32, parentContextCount = 0, hitCount = 21, missCount = 2, failureCount = 0]
2025-05-11T16:29:44.453-04:00 DEBUG 13072 --- [gestionenvios] [           main] o.s.orm.jpa.JpaTransactionManager        : Found thread-bound EntityManager [SessionImpl(1019449674<open>)] for JPA transaction
2025-05-11T16:29:44.453-04:00 DEBUG 13072 --- [gestionenvios] [           main] o.s.orm.jpa.JpaTransactionManager        : Participating in existing transaction
2025-05-11T16:29:44.469-04:00 DEBUG 13072 --- [gestionenvios] [           main] org.hibernate.orm.sql.exec               : Skipping reading Query result cache data: cache-enabled = false, cache-mode = IGNORE
2025-05-11T16:29:44.470-04:00 DEBUG 13072 --- [gestionenvios] [           main] org.hibernate.SQL                        : select e1_0.n_seguimiento,e1_0.destinatario,e1_0.empresa_envio,e1_0.estado,e1_0.fecha_entrega,e1_0.fecha_salida,e1_0.pais_destino,e1_0.pais_origen,e1_0.ubicacion_actual from envios e1_0 where e1_0.n_seguimiento=?
Hibernate: select e1_0.n_seguimiento,e1_0.destinatario,e1_0.empresa_envio,e1_0.estado,e1_0.fecha_entrega,e1_0.fecha_salida,e1_0.pais_destino,e1_0.pais_origen,e1_0.ubicacion_actual from envios e1_0 where e1_0.n_seguimiento=?
2025-05-11T16:29:44.504-04:00 DEBUG 13072 --- [gestionenvios] [           main] org.hibernate.orm.results                : Initializer list:
	  com.example.gestionenvios.model.Envios -> EntityJoinedFetchInitializer(com.example.gestionenvios.model.Envios)@40625646 (SingleTableEntityPersister(com.example.gestionenvios.model.Envios))

2025-05-11T16:29:44.510-04:00 DEBUG 13072 --- [gestionenvios] [           main] org.springframework.test.context.cache   : Spring test ApplicationContext cache statistics: [DefaultContextCache@63b95a30 size = 2, maxSize = 32, parentContextCount = 0, hitCount = 22, missCount = 2, failureCount = 0]
2025-05-11T16:29:44.510-04:00 DEBUG 13072 --- [gestionenvios] [           main] org.springframework.test.context.cache   : Spring test ApplicationContext cache statistics: [DefaultContextCache@63b95a30 size = 2, maxSize = 32, parentContextCount = 0, hitCount = 23, missCount = 2, failureCount = 0]
2025-05-11T16:29:44.510-04:00 DEBUG 13072 --- [gestionenvios] [           main] org.springframework.test.context.cache   : Spring test ApplicationContext cache statistics: [DefaultContextCache@63b95a30 size = 2, maxSize = 32, parentContextCount = 0, hitCount = 24, missCount = 2, failureCount = 0]
2025-05-11T16:29:44.511-04:00 DEBUG 13072 --- [gestionenvios] [           main] org.springframework.test.context.cache   : Spring test ApplicationContext cache statistics: [DefaultContextCache@63b95a30 size = 2, maxSize = 32, parentContextCount = 0, hitCount = 25, missCount = 2, failureCount = 0]
2025-05-11T16:29:44.511-04:00 DEBUG 13072 --- [gestionenvios] [           main] org.springframework.test.context.cache   : Spring test ApplicationContext cache statistics: [DefaultContextCache@63b95a30 size = 2, maxSize = 32, parentContextCount = 0, hitCount = 26, missCount = 2, failureCount = 0]
2025-05-11T16:29:44.511-04:00 DEBUG 13072 --- [gestionenvios] [           main] org.springframework.test.context.cache   : Spring test ApplicationContext cache statistics: [DefaultContextCache@63b95a30 size = 2, maxSize = 32, parentContextCount = 0, hitCount = 27, missCount = 2, failureCount = 0]
2025-05-11T16:29:44.511-04:00 DEBUG 13072 --- [gestionenvios] [           main] org.springframework.test.context.cache   : Spring test ApplicationContext cache statistics: [DefaultContextCache@63b95a30 size = 2, maxSize = 32, parentContextCount = 0, hitCount = 28, missCount = 2, failureCount = 0]
2025-05-11T16:29:44.511-04:00 DEBUG 13072 --- [gestionenvios] [           main] o.s.orm.jpa.JpaTransactionManager        : Initiating transaction rollback
2025-05-11T16:29:44.512-04:00 DEBUG 13072 --- [gestionenvios] [           main] o.s.orm.jpa.JpaTransactionManager        : Rolling back JPA transaction on EntityManager [SessionImpl(1019449674<open>)]
2025-05-11T16:29:44.512-04:00 DEBUG 13072 --- [gestionenvios] [           main] o.h.e.t.internal.TransactionImpl         : rolling back
2025-05-11T16:29:44.521-04:00 DEBUG 13072 --- [gestionenvios] [           main] o.s.orm.jpa.JpaTransactionManager        : Closing JPA EntityManager [SessionImpl(1019449674<open>)] after transaction
2025-05-11T16:29:44.521-04:00 DEBUG 13072 --- [gestionenvios] [           main] o.s.t.c.transaction.TransactionContext   : Rolled back transaction (1) for test class [com.example.gestionenvios.repository.EnviosRepositoryTest]; test method [testNoEncontrarEnvioPorId]
2025-05-11T16:29:44.521-04:00 DEBUG 13072 --- [gestionenvios] [           main] .c.s.DirtiesContextTestExecutionListener : After test method: class [EnviosRepositoryTest], method [testNoEncontrarEnvioPorId], class annotated with @DirtiesContext [false] with mode [null], method annotated with @DirtiesContext [false] with mode [null]
]]></system-out>
  </testcase>
  <testcase name="testGuardarYRecuperarEnvio" classname="com.example.gestionenvios.repository.EnviosRepositoryTest" time="0.126">
    <system-out><![CDATA[2025-05-11T16:29:44.522-04:00 DEBUG 13072 --- [gestionenvios] [           main] DependencyInjectionTestExecutionListener : Performing dependency injection for test class com.example.gestionenvios.repository.EnviosRepositoryTest
2025-05-11T16:29:44.522-04:00 DEBUG 13072 --- [gestionenvios] [           main] org.springframework.test.context.cache   : Spring test ApplicationContext cache statistics: [DefaultContextCache@63b95a30 size = 2, maxSize = 32, parentContextCount = 0, hitCount = 29, missCount = 2, failureCount = 0]
2025-05-11T16:29:44.522-04:00 DEBUG 13072 --- [gestionenvios] [           main] org.springframework.test.context.cache   : Spring test ApplicationContext cache statistics: [DefaultContextCache@63b95a30 size = 2, maxSize = 32, parentContextCount = 0, hitCount = 30, missCount = 2, failureCount = 0]
2025-05-11T16:29:44.522-04:00 DEBUG 13072 --- [gestionenvios] [           main] sContextBeforeModesTestExecutionListener : Before test method: class [EnviosRepositoryTest], method [testGuardarYRecuperarEnvio], class annotated with @DirtiesContext [false] with mode [null], method annotated with @DirtiesContext [false] with mode [null]
2025-05-11T16:29:44.523-04:00 DEBUG 13072 --- [gestionenvios] [           main] t.c.t.TransactionalTestExecutionListener : Explicit transaction definition [PROPAGATION_REQUIRED,ISOLATION_DEFAULT] found for test class [com.example.gestionenvios.repository.EnviosRepositoryTest] and test method [testGuardarYRecuperarEnvio]
2025-05-11T16:29:44.523-04:00 DEBUG 13072 --- [gestionenvios] [           main] org.springframework.test.context.cache   : Spring test ApplicationContext cache statistics: [DefaultContextCache@63b95a30 size = 2, maxSize = 32, parentContextCount = 0, hitCount = 31, missCount = 2, failureCount = 0]
2025-05-11T16:29:44.523-04:00 DEBUG 13072 --- [gestionenvios] [           main] t.c.t.TransactionalTestExecutionListener : No method-level @Rollback override: using default rollback [true] for test method [public void com.example.gestionenvios.repository.EnviosRepositoryTest.testGuardarYRecuperarEnvio()]
2025-05-11T16:29:44.523-04:00 DEBUG 13072 --- [gestionenvios] [           main] o.s.orm.jpa.JpaTransactionManager        : Creating new transaction with name [com.example.gestionenvios.repository.EnviosRepositoryTest.testGuardarYRecuperarEnvio]: PROPAGATION_REQUIRED,ISOLATION_DEFAULT
2025-05-11T16:29:44.523-04:00 DEBUG 13072 --- [gestionenvios] [           main] o.s.orm.jpa.JpaTransactionManager        : Opened new EntityManager [SessionImpl(548534388<open>)] for JPA transaction
2025-05-11T16:29:44.523-04:00 DEBUG 13072 --- [gestionenvios] [           main] o.h.e.t.internal.TransactionImpl         : On TransactionImpl creation, JpaCompliance#isJpaTransactionComplianceEnabled == false
2025-05-11T16:29:44.523-04:00 DEBUG 13072 --- [gestionenvios] [           main] o.h.e.t.internal.TransactionImpl         : begin
2025-05-11T16:29:44.523-04:00 DEBUG 13072 --- [gestionenvios] [           main] o.s.orm.jpa.JpaTransactionManager        : Exposing JPA transaction as JDBC [org.springframework.orm.jpa.vendor.HibernateJpaDialect$HibernateConnectionHandle@7569efdd]
2025-05-11T16:29:44.523-04:00 DEBUG 13072 --- [gestionenvios] [           main] o.s.t.c.transaction.TransactionContext   : Began transaction (1) for test class [com.example.gestionenvios.repository.EnviosRepositoryTest]; test method [testGuardarYRecuperarEnvio]; transaction manager [org.springframework.orm.jpa.JpaTransactionManager@62db3787]; rollback [true]
2025-05-11T16:29:44.523-04:00 DEBUG 13072 --- [gestionenvios] [           main] org.springframework.test.context.cache   : Spring test ApplicationContext cache statistics: [DefaultContextCache@63b95a30 size = 2, maxSize = 32, parentContextCount = 0, hitCount = 32, missCount = 2, failureCount = 0]
2025-05-11T16:29:44.523-04:00 DEBUG 13072 --- [gestionenvios] [           main] org.springframework.test.context.cache   : Spring test ApplicationContext cache statistics: [DefaultContextCache@63b95a30 size = 2, maxSize = 32, parentContextCount = 0, hitCount = 33, missCount = 2, failureCount = 0]
2025-05-11T16:29:44.523-04:00 DEBUG 13072 --- [gestionenvios] [           main] org.springframework.test.context.cache   : Spring test ApplicationContext cache statistics: [DefaultContextCache@63b95a30 size = 2, maxSize = 32, parentContextCount = 0, hitCount = 34, missCount = 2, failureCount = 0]
2025-05-11T16:29:44.524-04:00 DEBUG 13072 --- [gestionenvios] [           main] org.springframework.test.context.cache   : Spring test ApplicationContext cache statistics: [DefaultContextCache@63b95a30 size = 2, maxSize = 32, parentContextCount = 0, hitCount = 35, missCount = 2, failureCount = 0]
2025-05-11T16:29:44.541-04:00 DEBUG 13072 --- [gestionenvios] [           main] org.hibernate.engine.spi.ActionQueue     : Executing identity-insert immediately
2025-05-11T16:29:44.555-04:00 DEBUG 13072 --- [gestionenvios] [           main] org.hibernate.SQL                        : insert into envios (destinatario,empresa_envio,estado,fecha_entrega,fecha_salida,pais_destino,pais_origen,ubicacion_actual,n_seguimiento) values (?,?,?,?,?,?,?,?,default)
Hibernate: insert into envios (destinatario,empresa_envio,estado,fecha_entrega,fecha_salida,pais_destino,pais_origen,ubicacion_actual,n_seguimiento) values (?,?,?,?,?,?,?,?,default)
2025-05-11T16:29:44.627-04:00 DEBUG 13072 --- [gestionenvios] [           main] org.hibernate.orm.results                : Initializer list is empty
2025-05-11T16:29:44.628-04:00 DEBUG 13072 --- [gestionenvios] [           main] o.h.id.IdentifierGeneratorHelper         : Extracted generated values [com.example.gestionenvios.model.Envios]: [Ljava.lang.Object;@445dc8dc
2025-05-11T16:29:44.630-04:00 DEBUG 13072 --- [gestionenvios] [           main] o.h.e.i.AbstractFlushingEventListener    : Processing flush-time cascades
2025-05-11T16:29:44.630-04:00 DEBUG 13072 --- [gestionenvios] [           main] o.h.e.i.AbstractFlushingEventListener    : Dirty checking collections
2025-05-11T16:29:44.633-04:00 DEBUG 13072 --- [gestionenvios] [           main] o.h.e.i.AbstractFlushingEventListener    : Flushed: 0 insertions, 0 updates, 0 deletions to 1 objects
2025-05-11T16:29:44.633-04:00 DEBUG 13072 --- [gestionenvios] [           main] o.h.e.i.AbstractFlushingEventListener    : Flushed: 0 (re)creations, 0 updates, 0 removals to 0 collections
2025-05-11T16:29:44.634-04:00 DEBUG 13072 --- [gestionenvios] [           main] o.hibernate.internal.util.EntityPrinter  : Listing entities:
2025-05-11T16:29:44.634-04:00 DEBUG 13072 --- [gestionenvios] [           main] o.hibernate.internal.util.EntityPrinter  : com.example.gestionenvios.model.Envios{empresaEnvio=Courier Express, estado=En tránsito, nSeguimiento=83, fechaSalida=2025-03-15, fechaEntrega=2025-03-20, paisDestino=Argentina, paisOrigen=Chile, ubicacionActual=Santiago, Chile, destinatario=Juan Pérez}
2025-05-11T16:29:44.635-04:00 DEBUG 13072 --- [gestionenvios] [           main] o.s.orm.jpa.JpaTransactionManager        : Found thread-bound EntityManager [SessionImpl(548534388<open>)] for JPA transaction
2025-05-11T16:29:44.635-04:00 DEBUG 13072 --- [gestionenvios] [           main] o.s.orm.jpa.JpaTransactionManager        : Participating in existing transaction
2025-05-11T16:29:44.637-04:00 DEBUG 13072 --- [gestionenvios] [           main] org.springframework.test.context.cache   : Spring test ApplicationContext cache statistics: [DefaultContextCache@63b95a30 size = 2, maxSize = 32, parentContextCount = 0, hitCount = 36, missCount = 2, failureCount = 0]
2025-05-11T16:29:44.637-04:00 DEBUG 13072 --- [gestionenvios] [           main] org.springframework.test.context.cache   : Spring test ApplicationContext cache statistics: [DefaultContextCache@63b95a30 size = 2, maxSize = 32, parentContextCount = 0, hitCount = 37, missCount = 2, failureCount = 0]
2025-05-11T16:29:44.637-04:00 DEBUG 13072 --- [gestionenvios] [           main] org.springframework.test.context.cache   : Spring test ApplicationContext cache statistics: [DefaultContextCache@63b95a30 size = 2, maxSize = 32, parentContextCount = 0, hitCount = 38, missCount = 2, failureCount = 0]
2025-05-11T16:29:44.637-04:00 DEBUG 13072 --- [gestionenvios] [           main] org.springframework.test.context.cache   : Spring test ApplicationContext cache statistics: [DefaultContextCache@63b95a30 size = 2, maxSize = 32, parentContextCount = 0, hitCount = 39, missCount = 2, failureCount = 0]
2025-05-11T16:29:44.637-04:00 DEBUG 13072 --- [gestionenvios] [           main] org.springframework.test.context.cache   : Spring test ApplicationContext cache statistics: [DefaultContextCache@63b95a30 size = 2, maxSize = 32, parentContextCount = 0, hitCount = 40, missCount = 2, failureCount = 0]
2025-05-11T16:29:44.637-04:00 DEBUG 13072 --- [gestionenvios] [           main] org.springframework.test.context.cache   : Spring test ApplicationContext cache statistics: [DefaultContextCache@63b95a30 size = 2, maxSize = 32, parentContextCount = 0, hitCount = 41, missCount = 2, failureCount = 0]
2025-05-11T16:29:44.637-04:00 DEBUG 13072 --- [gestionenvios] [           main] org.springframework.test.context.cache   : Spring test ApplicationContext cache statistics: [DefaultContextCache@63b95a30 size = 2, maxSize = 32, parentContextCount = 0, hitCount = 42, missCount = 2, failureCount = 0]
2025-05-11T16:29:44.637-04:00 DEBUG 13072 --- [gestionenvios] [           main] o.s.orm.jpa.JpaTransactionManager        : Initiating transaction rollback
2025-05-11T16:29:44.637-04:00 DEBUG 13072 --- [gestionenvios] [           main] o.s.orm.jpa.JpaTransactionManager        : Rolling back JPA transaction on EntityManager [SessionImpl(548534388<open>)]
2025-05-11T16:29:44.637-04:00 DEBUG 13072 --- [gestionenvios] [           main] o.h.e.t.internal.TransactionImpl         : rolling back
2025-05-11T16:29:44.647-04:00 DEBUG 13072 --- [gestionenvios] [           main] o.s.orm.jpa.JpaTransactionManager        : Closing JPA EntityManager [SessionImpl(548534388<open>)] after transaction
2025-05-11T16:29:44.648-04:00 DEBUG 13072 --- [gestionenvios] [           main] o.s.t.c.transaction.TransactionContext   : Rolled back transaction (1) for test class [com.example.gestionenvios.repository.EnviosRepositoryTest]; test method [testGuardarYRecuperarEnvio]
2025-05-11T16:29:44.648-04:00 DEBUG 13072 --- [gestionenvios] [           main] .c.s.DirtiesContextTestExecutionListener : After test method: class [EnviosRepositoryTest], method [testGuardarYRecuperarEnvio], class annotated with @DirtiesContext [false] with mode [null], method annotated with @DirtiesContext [false] with mode [null]
]]></system-out>
  </testcase>
</testsuite>